{"/home/travis/build/npmtest/node-npmtest-languagedetect/test.js":{"path":"/home/travis/build/npmtest/node-npmtest-languagedetect/test.js","s":{"1":2,"2":2,"3":2,"4":2,"5":2,"6":2,"7":2,"8":1,"9":2,"10":2,"11":1,"12":1,"13":1,"14":1,"15":2,"16":2,"17":2,"18":2,"19":1,"20":1,"21":2,"22":2,"23":2,"24":1,"25":1,"26":1,"27":1,"28":1,"29":1,"30":1,"31":1,"32":1,"33":1,"34":1,"35":1,"36":1,"37":1,"38":1,"39":2,"40":2,"41":1,"42":2,"43":2,"44":1,"45":2,"46":2,"47":1,"48":2,"49":2,"50":1,"51":1,"52":1,"53":1,"54":1},"b":{"1":[2,1,1,1],"2":[1,1,1,1],"3":[1,1],"4":[1,1],"5":[1,1],"6":[1,1],"7":[1,1],"8":[1,1],"9":[1,1],"10":[1,1,1],"11":[1,1],"12":[1,1],"13":[1,1],"14":[1,1],"15":[1,1],"16":[1,1],"17":[1,1]},"f":{"1":2,"2":2,"3":2,"4":2,"5":2,"6":1,"7":1,"8":1,"9":2,"10":2,"11":2,"12":2,"13":1},"fnMap":{"1":{"name":"(anonymous_1)","line":12,"loc":{"start":{"line":12,"column":1},"end":{"line":12,"column":13}}},"2":{"name":"(anonymous_2)","line":19,"loc":{"start":{"line":19,"column":5},"end":{"line":19,"column":17}}},"3":{"name":"(anonymous_3)","line":23,"loc":{"start":{"line":23,"column":24},"end":{"line":23,"column":36}}},"4":{"name":"(anonymous_4)","line":61,"loc":{"start":{"line":61,"column":5},"end":{"line":61,"column":17}}},"5":{"name":"(anonymous_5)","line":82,"loc":{"start":{"line":82,"column":5},"end":{"line":82,"column":17}}},"6":{"name":"(anonymous_6)","line":91,"loc":{"start":{"line":91,"column":77},"end":{"line":94,"column":10}}},"7":{"name":"(anonymous_7)","line":112,"loc":{"start":{"line":112,"column":83},"end":{"line":115,"column":10}},"skip":true},"8":{"name":"(anonymous_8)","line":123,"loc":{"start":{"line":123,"column":77},"end":{"line":126,"column":10}},"skip":true},"9":{"name":"(anonymous_9)","line":139,"loc":{"start":{"line":139,"column":12},"end":{"line":139,"column":40}},"skip":true},"10":{"name":"(anonymous_10)","line":147,"loc":{"start":{"line":147,"column":77},"end":{"line":150,"column":10}},"skip":true},"11":{"name":"(anonymous_11)","line":158,"loc":{"start":{"line":158,"column":83},"end":{"line":161,"column":10}},"skip":true},"12":{"name":"(anonymous_12)","line":169,"loc":{"start":{"line":169,"column":79},"end":{"line":172,"column":10}},"skip":true},"13":{"name":"(anonymous_13)","line":180,"loc":{"start":{"line":180,"column":75},"end":{"line":183,"column":10}},"skip":true}},"statementMap":{"1":{"start":{"line":12,"column":0},"end":{"line":195,"column":5}},"2":{"start":{"line":14,"column":4},"end":{"line":14,"column":14}},"3":{"start":{"line":19,"column":4},"end":{"line":56,"column":9}},"4":{"start":{"line":21,"column":8},"end":{"line":21,"column":19}},"5":{"start":{"line":23,"column":8},"end":{"line":35,"column":13}},"6":{"start":{"line":24,"column":12},"end":{"line":34,"column":13}},"7":{"start":{"line":25,"column":16},"end":{"line":28,"column":30}},"8":{"start":{"line":30,"column":16},"end":{"line":33,"column":27}},"9":{"start":{"line":37,"column":8},"end":{"line":39,"column":21}},"10":{"start":{"line":40,"column":8},"end":{"line":53,"column":9}},"11":{"start":{"line":43,"column":12},"end":{"line":46,"column":14}},"12":{"start":{"line":47,"column":12},"end":{"line":47,"column":18}},"13":{"start":{"line":50,"column":12},"end":{"line":51,"column":33}},"14":{"start":{"line":52,"column":12},"end":{"line":52,"column":18}},"15":{"start":{"line":55,"column":8},"end":{"line":55,"column":35}},"16":{"start":{"line":61,"column":4},"end":{"line":63,"column":9}},"17":{"start":{"line":62,"column":8},"end":{"line":62,"column":15}},"18":{"start":{"line":64,"column":4},"end":{"line":77,"column":5}},"19":{"start":{"line":70,"column":8},"end":{"line":70,"column":14}},"20":{"start":{"line":76,"column":8},"end":{"line":76,"column":14}},"21":{"start":{"line":82,"column":4},"end":{"line":84,"column":9}},"22":{"start":{"line":83,"column":8},"end":{"line":83,"column":15}},"23":{"start":{"line":85,"column":4},"end":{"line":194,"column":5}},"24":{"start":{"line":91,"column":8},"end":{"line":99,"column":10}},"25":{"start":{"line":98,"column":12},"end":{"line":98,"column":35}},"26":{"start":{"line":102,"column":8},"end":{"line":104,"column":63}},"27":{"start":{"line":105,"column":8},"end":{"line":105,"column":14}},"28":{"start":{"line":112,"column":8},"end":{"line":121,"column":10},"skip":true},"29":{"start":{"line":119,"column":12},"end":{"line":119,"column":55},"skip":true},"30":{"start":{"line":120,"column":12},"end":{"line":120,"column":48},"skip":true},"31":{"start":{"line":123,"column":8},"end":{"line":136,"column":10},"skip":true},"32":{"start":{"line":130,"column":12},"end":{"line":130,"column":76},"skip":true},"33":{"start":{"line":131,"column":12},"end":{"line":131,"column":73},"skip":true},"34":{"start":{"line":132,"column":12},"end":{"line":132,"column":74},"skip":true},"35":{"start":{"line":133,"column":12},"end":{"line":133,"column":79},"skip":true},"36":{"start":{"line":134,"column":12},"end":{"line":134,"column":25},"skip":true},"37":{"start":{"line":135,"column":12},"end":{"line":135,"column":45},"skip":true},"38":{"start":{"line":138,"column":8},"end":{"line":145,"column":14},"skip":true},"39":{"start":{"line":143,"column":16},"end":{"line":143,"column":29},"skip":true},"40":{"start":{"line":144,"column":16},"end":{"line":144,"column":55},"skip":true},"41":{"start":{"line":147,"column":8},"end":{"line":156,"column":10},"skip":true},"42":{"start":{"line":154,"column":12},"end":{"line":154,"column":25},"skip":true},"43":{"start":{"line":155,"column":12},"end":{"line":155,"column":45},"skip":true},"44":{"start":{"line":158,"column":8},"end":{"line":167,"column":10},"skip":true},"45":{"start":{"line":165,"column":12},"end":{"line":165,"column":25},"skip":true},"46":{"start":{"line":166,"column":12},"end":{"line":166,"column":48},"skip":true},"47":{"start":{"line":169,"column":8},"end":{"line":178,"column":10},"skip":true},"48":{"start":{"line":176,"column":12},"end":{"line":176,"column":25},"skip":true},"49":{"start":{"line":177,"column":12},"end":{"line":177,"column":46},"skip":true},"50":{"start":{"line":180,"column":8},"end":{"line":189,"column":10},"skip":true},"51":{"start":{"line":187,"column":12},"end":{"line":187,"column":94},"skip":true},"52":{"start":{"line":188,"column":12},"end":{"line":188,"column":48},"skip":true},"53":{"start":{"line":192,"column":8},"end":{"line":192,"column":35},"skip":true},"54":{"start":{"line":193,"column":8},"end":{"line":193,"column":14},"skip":true}},"branchMap":{"1":{"line":25,"type":"binary-expr","locations":[{"start":{"line":25,"column":23},"end":{"line":25,"column":62}},{"start":{"line":26,"column":20},"end":{"line":26,"column":70}},{"start":{"line":27,"column":20},"end":{"line":27,"column":71}},{"start":{"line":28,"column":20},"end":{"line":28,"column":29}}]},"2":{"line":30,"type":"binary-expr","locations":[{"start":{"line":30,"column":23},"end":{"line":30,"column":37}},{"start":{"line":31,"column":20},"end":{"line":31,"column":61}},{"start":{"line":32,"column":20},"end":{"line":32,"column":70}},{"start":{"line":33,"column":20},"end":{"line":33,"column":26}}]},"3":{"line":37,"type":"cond-expr","locations":[{"start":{"line":38,"column":14},"end":{"line":38,"column":20}},{"start":{"line":39,"column":14},"end":{"line":39,"column":20}}]},"4":{"line":40,"type":"switch","locations":[{"start":{"line":42,"column":8},"end":{"line":47,"column":18}},{"start":{"line":49,"column":8},"end":{"line":52,"column":18}}]},"5":{"line":44,"type":"binary-expr","locations":[{"start":{"line":44,"column":16},"end":{"line":44,"column":44}},{"start":{"line":44,"column":48},"end":{"line":44,"column":66}}]},"6":{"line":50,"type":"binary-expr","locations":[{"start":{"line":50,"column":21},"end":{"line":50,"column":49}},{"start":{"line":50,"column":53},"end":{"line":50,"column":72}}]},"7":{"line":64,"type":"switch","locations":[{"start":{"line":69,"column":4},"end":{"line":70,"column":14}},{"start":{"line":75,"column":4},"end":{"line":76,"column":14}}]},"8":{"line":85,"type":"switch","locations":[{"start":{"line":90,"column":4},"end":{"line":105,"column":14}},{"start":{"line":111,"column":4},"end":{"line":193,"column":14},"skip":true}]},"9":{"line":91,"type":"binary-expr","locations":[{"start":{"line":91,"column":42},"end":{"line":91,"column":73}},{"start":{"line":91,"column":77},"end":{"line":99,"column":9}}]},"10":{"line":102,"type":"binary-expr","locations":[{"start":{"line":102,"column":18},"end":{"line":102,"column":32}},{"start":{"line":103,"column":12},"end":{"line":103,"column":53}},{"start":{"line":104,"column":12},"end":{"line":104,"column":61}}]},"11":{"line":112,"type":"binary-expr","locations":[{"start":{"line":112,"column":45},"end":{"line":112,"column":79},"skip":true},{"start":{"line":112,"column":83},"end":{"line":121,"column":9},"skip":true}]},"12":{"line":123,"type":"binary-expr","locations":[{"start":{"line":123,"column":42},"end":{"line":123,"column":73},"skip":true},{"start":{"line":123,"column":77},"end":{"line":136,"column":9},"skip":true}]},"13":{"line":138,"type":"binary-expr","locations":[{"start":{"line":138,"column":48},"end":{"line":138,"column":85},"skip":true},{"start":{"line":139,"column":12},"end":{"line":145,"column":13},"skip":true}]},"14":{"line":147,"type":"binary-expr","locations":[{"start":{"line":147,"column":42},"end":{"line":147,"column":73},"skip":true},{"start":{"line":147,"column":77},"end":{"line":156,"column":9},"skip":true}]},"15":{"line":158,"type":"binary-expr","locations":[{"start":{"line":158,"column":45},"end":{"line":158,"column":79},"skip":true},{"start":{"line":158,"column":83},"end":{"line":167,"column":9},"skip":true}]},"16":{"line":169,"type":"binary-expr","locations":[{"start":{"line":169,"column":43},"end":{"line":169,"column":75},"skip":true},{"start":{"line":169,"column":79},"end":{"line":178,"column":9},"skip":true}]},"17":{"line":180,"type":"binary-expr","locations":[{"start":{"line":180,"column":41},"end":{"line":180,"column":71},"skip":true},{"start":{"line":180,"column":75},"end":{"line":189,"column":9},"skip":true}]}},"code":["/* istanbul instrument in package npmtest_languagedetect */","/*jslint","    bitwise: true,","    browser: true,","    maxerr: 8,","    maxlen: 96,","    node: true,","    nomen: true,","    regexp: true,","    stupid: true","*/","(function () {","    'use strict';","    var local;","","","","    // run shared js-env code - init-before","    (function () {","        // init local","        local = {};","        // init modeJs","        local.modeJs = (function () {","            try {","                return typeof navigator.userAgent === 'string' &&","                    typeof document.querySelector('body') === 'object' &&","                    typeof XMLHttpRequest.prototype.open === 'function' &&","                    'browser';","            } catch (errorCaughtBrowser) {","                return module.exports &&","                    typeof process.versions.node === 'string' &&","                    typeof require('http').createServer === 'function' &&","                    'node';","            }","        }());","        // init global","        local.global = local.modeJs === 'browser'","            ? window","            : global;","        switch (local.modeJs) {","        // re-init local from window.local","        case 'browser':","            local = local.global.utility2.objectSetDefault(","                local.global.utility2_rollup || local.global.local,","                local.global.utility2","            );","            break;","        // re-init local from example.js","        case 'node':","            local = (local.global.utility2_rollup || require('utility2'))","                .requireReadme();","            break;","        }","        // export local","        local.global.local = local;","    }());","","","","    // run shared js-env code - function","    (function () {","        return;","    }());","    switch (local.modeJs) {","","","","    // run browser js-env code - function","    case 'browser':","        break;","","","","    // run node js-env code - function","    case 'node':","        break;","    }","","","","    // run shared js-env code - init-after","    (function () {","        return;","    }());","    switch (local.modeJs) {","","","","    // run browser js-env code - init-after","    case 'browser':","        local.testCase_browser_nullCase = local.testCase_browser_nullCase || function (","            options,","            onError","        ) {","        /*","         * this function will test browsers's null-case handling-behavior-behavior","         */","            onError(null, options);","        };","","        // run tests","        local.nop(local.modeTest &&","            document.querySelector('#testRunButton1') &&","            document.querySelector('#testRunButton1').click());","        break;","","","","    // run node js-env code - init-after","    /* istanbul ignore next */","    case 'node':","        local.testCase_buildApidoc_default = local.testCase_buildApidoc_default || function (","            options,","            onError","        ) {","        /*","         * this function will test buildApidoc's default handling-behavior-behavior","         */","            options = { modulePathList: module.paths };","            local.buildApidoc(options, onError);","        };","","        local.testCase_buildApp_default = local.testCase_buildApp_default || function (","            options,","            onError","        ) {","        /*","         * this function will test buildApp's default handling-behavior-behavior","         */","            local.testCase_buildReadme_default(options, local.onErrorThrow);","            local.testCase_buildLib_default(options, local.onErrorThrow);","            local.testCase_buildTest_default(options, local.onErrorThrow);","            local.testCase_buildCustomOrg_default(options, local.onErrorThrow);","            options = [];","            local.buildApp(options, onError);","        };","","        local.testCase_buildCustomOrg_default = local.testCase_buildCustomOrg_default ||","            function (options, onError) {","            /*","             * this function will test buildCustomOrg's default handling-behavior","             */","                options = {};","                local.buildCustomOrg(options, onError);","            };","","        local.testCase_buildLib_default = local.testCase_buildLib_default || function (","            options,","            onError","        ) {","        /*","         * this function will test buildLib's default handling-behavior","         */","            options = {};","            local.buildLib(options, onError);","        };","","        local.testCase_buildReadme_default = local.testCase_buildReadme_default || function (","            options,","            onError","        ) {","        /*","         * this function will test buildReadme's default handling-behavior-behavior","         */","            options = {};","            local.buildReadme(options, onError);","        };","","        local.testCase_buildTest_default = local.testCase_buildTest_default || function (","            options,","            onError","        ) {","        /*","         * this function will test buildTest's default handling-behavior","         */","            options = {};","            local.buildTest(options, onError);","        };","","        local.testCase_webpage_default = local.testCase_webpage_default || function (","            options,","            onError","        ) {","        /*","         * this function will test webpage's default handling-behavior","         */","            options = { modeCoverageMerge: true, url: local.serverLocalHost + '?modeTest=1' };","            local.browserTest(options, onError);","        };","","        // run test-server","        local.testRunServer(local);","        break;","    }","}());",""],"l":{"12":2,"14":2,"19":2,"21":2,"23":2,"24":2,"25":2,"30":1,"37":2,"40":2,"43":1,"47":1,"50":1,"52":1,"55":2,"61":2,"62":2,"64":2,"70":1,"76":1,"82":2,"83":2,"85":2,"91":1,"98":1,"102":1,"105":1,"112":1,"119":1,"120":1,"123":1,"130":1,"131":1,"132":1,"133":1,"134":1,"135":1,"138":1,"143":2,"144":2,"147":1,"154":2,"155":2,"158":1,"165":2,"166":2,"169":1,"176":2,"177":2,"180":1,"187":1,"188":1,"192":1,"193":1}},"/home/travis/build/npmtest/node-npmtest-languagedetect/lib.npmtest_languagedetect.js":{"path":"/home/travis/build/npmtest/node-npmtest-languagedetect/lib.npmtest_languagedetect.js","s":{"1":2,"2":2,"3":2,"4":2,"5":2,"6":2,"7":2,"8":1,"9":2,"10":2,"11":2,"12":2,"13":1,"14":1,"15":1,"16":1},"b":{"1":[2,1,1,1],"2":[1,1,1,1],"3":[1,1],"4":[2,2],"5":[1,1]},"f":{"1":2,"2":2,"3":2},"fnMap":{"1":{"name":"(anonymous_1)","line":12,"loc":{"start":{"line":12,"column":1},"end":{"line":12,"column":13}}},"2":{"name":"(anonymous_2)","line":19,"loc":{"start":{"line":19,"column":5},"end":{"line":19,"column":17}}},"3":{"name":"(anonymous_3)","line":23,"loc":{"start":{"line":23,"column":24},"end":{"line":23,"column":36}}}},"statementMap":{"1":{"start":{"line":12,"column":0},"end":{"line":53,"column":5}},"2":{"start":{"line":14,"column":4},"end":{"line":14,"column":14}},"3":{"start":{"line":19,"column":4},"end":{"line":52,"column":9}},"4":{"start":{"line":21,"column":8},"end":{"line":21,"column":19}},"5":{"start":{"line":23,"column":8},"end":{"line":35,"column":13}},"6":{"start":{"line":24,"column":12},"end":{"line":34,"column":13}},"7":{"start":{"line":25,"column":16},"end":{"line":28,"column":30}},"8":{"start":{"line":30,"column":16},"end":{"line":33,"column":27}},"9":{"start":{"line":37,"column":8},"end":{"line":39,"column":21}},"10":{"start":{"line":41,"column":8},"end":{"line":41,"column":54}},"11":{"start":{"line":43,"column":8},"end":{"line":43,"column":59}},"12":{"start":{"line":45,"column":8},"end":{"line":51,"column":9}},"13":{"start":{"line":46,"column":12},"end":{"line":46,"column":65}},"14":{"start":{"line":48,"column":12},"end":{"line":48,"column":35}},"15":{"start":{"line":49,"column":12},"end":{"line":49,"column":49}},"16":{"start":{"line":50,"column":12},"end":{"line":50,"column":43}}},"branchMap":{"1":{"line":25,"type":"binary-expr","locations":[{"start":{"line":25,"column":23},"end":{"line":25,"column":62}},{"start":{"line":26,"column":20},"end":{"line":26,"column":70}},{"start":{"line":27,"column":20},"end":{"line":27,"column":71}},{"start":{"line":28,"column":20},"end":{"line":28,"column":29}}]},"2":{"line":30,"type":"binary-expr","locations":[{"start":{"line":30,"column":23},"end":{"line":30,"column":37}},{"start":{"line":31,"column":20},"end":{"line":31,"column":61}},{"start":{"line":32,"column":20},"end":{"line":32,"column":70}},{"start":{"line":33,"column":20},"end":{"line":33,"column":26}}]},"3":{"line":37,"type":"cond-expr","locations":[{"start":{"line":38,"column":14},"end":{"line":38,"column":20}},{"start":{"line":39,"column":14},"end":{"line":39,"column":20}}]},"4":{"line":41,"type":"binary-expr","locations":[{"start":{"line":41,"column":16},"end":{"line":41,"column":44}},{"start":{"line":41,"column":48},"end":{"line":41,"column":53}}]},"5":{"line":45,"type":"if","locations":[{"start":{"line":45,"column":8},"end":{"line":45,"column":8}},{"start":{"line":45,"column":8},"end":{"line":45,"column":8}}]}},"code":["/* istanbul instrument in package npmtest_languagedetect */","/*jslint","    bitwise: true,","    browser: true,","    maxerr: 8,","    maxlen: 96,","    node: true,","    nomen: true,","    regexp: true,","    stupid: true","*/","(function () {","    'use strict';","    var local;","","","","    // run shared js-env code - init-before","    (function () {","        // init local","        local = {};","        // init modeJs","        local.modeJs = (function () {","            try {","                return typeof navigator.userAgent === 'string' &&","                    typeof document.querySelector('body') === 'object' &&","                    typeof XMLHttpRequest.prototype.open === 'function' &&","                    'browser';","            } catch (errorCaughtBrowser) {","                return module.exports &&","                    typeof process.versions.node === 'string' &&","                    typeof require('http').createServer === 'function' &&","                    'node';","            }","        }());","        // init global","        local.global = local.modeJs === 'browser'","            ? window","            : global;","        // init utility2_rollup","        local = local.global.utility2_rollup || local;","        // init lib","        local.local = local.npmtest_languagedetect = local;","        // init exports","        if (local.modeJs === 'browser') {","            local.global.utility2_npmtest_languagedetect = local;","        } else {","            module.exports = local;","            module.exports.__dirname = __dirname;","            module.exports.module = module;","        }","    }());","}());",""],"l":{"12":2,"14":2,"19":2,"21":2,"23":2,"24":2,"25":2,"30":1,"37":2,"41":2,"43":2,"45":2,"46":1,"48":1,"49":1,"50":1}},"/home/travis/build/npmtest/node-npmtest-languagedetect/example.js":{"path":"/home/travis/build/npmtest/node-npmtest-languagedetect/example.js","s":{"1":2,"2":2,"3":2,"4":2,"5":2,"6":2,"7":2,"8":1,"9":2,"10":2,"11":2,"12":2,"13":1,"14":2,"15":2,"16":2,"17":2,"18":2,"19":0,"20":2,"21":1,"22":1,"23":1,"24":1,"25":1,"26":0,"27":0,"28":1,"29":1,"30":2,"31":0,"32":0,"33":0,"34":1,"35":2,"36":2,"37":3,"38":3,"39":3,"40":3,"41":0,"42":3,"43":3,"44":3,"45":1,"46":3,"47":1,"48":1,"49":1,"50":1,"51":1,"52":1,"53":1,"54":1,"55":1,"56":1,"57":0,"58":1,"59":6,"60":6,"61":1,"62":2,"63":0,"64":2,"65":1,"66":1,"67":0,"68":0,"69":0,"70":0,"71":0,"72":0,"73":0,"74":0,"75":0,"76":0,"77":0,"78":0,"79":0,"80":0,"81":0,"82":0,"83":0},"b":{"1":[2,1,1,1],"2":[1,1,1,1],"3":[1,1],"4":[2,2],"5":[1,1],"6":[1,1],"7":[2,0],"8":[2,1,1,1,1,1],"9":[0,2,0],"10":[1,1],"11":[2,1,1],"12":[1,0],"13":[0,2],"14":[2,0,0,0,0,0,0],"15":[0,3],"16":[3,0],"17":[1,1],"18":[0,1],"19":[1,2,0,2],"20":[1,0],"21":[1,1],"22":[0,0],"23":[0,0],"24":[0,0],"25":[0,0],"26":[0,0],"27":[0,0],"28":[0,0]},"f":{"1":2,"2":2,"3":2,"4":2,"5":2,"6":2,"7":3,"8":3,"9":3,"10":1,"11":6,"12":0},"fnMap":{"1":{"name":"(anonymous_1)","line":26,"loc":{"start":{"line":26,"column":1},"end":{"line":26,"column":13}}},"2":{"name":"(anonymous_2)","line":33,"loc":{"start":{"line":33,"column":5},"end":{"line":33,"column":17}}},"3":{"name":"(anonymous_3)","line":37,"loc":{"start":{"line":37,"column":24},"end":{"line":37,"column":36}}},"4":{"name":"(anonymous_4)","line":69,"loc":{"start":{"line":69,"column":31},"end":{"line":69,"column":48}},"skip":true},"5":{"name":"(anonymous_5)","line":78,"loc":{"start":{"line":78,"column":26},"end":{"line":78,"column":45}},"skip":true},"6":{"name":"(anonymous_6)","line":123,"loc":{"start":{"line":123,"column":33},"end":{"line":123,"column":48}},"skip":true},"7":{"name":"(anonymous_7)","line":125,"loc":{"start":{"line":125,"column":27},"end":{"line":125,"column":39}},"skip":true},"8":{"name":"(anonymous_8)","line":133,"loc":{"start":{"line":133,"column":59},"end":{"line":133,"column":74}},"skip":true},"9":{"name":"(anonymous_9)","line":143,"loc":{"start":{"line":143,"column":45},"end":{"line":143,"column":62}},"skip":true},"10":{"name":"(anonymous_10)","line":144,"loc":{"start":{"line":144,"column":73},"end":{"line":144,"column":92}},"skip":true},"11":{"name":"(anonymous_11)","line":272,"loc":{"start":{"line":272,"column":51},"end":{"line":272,"column":77}},"skip":true},"12":{"name":"(anonymous_12)","line":315,"loc":{"start":{"line":315,"column":32},"end":{"line":315,"column":61}},"skip":true}},"statementMap":{"1":{"start":{"line":26,"column":0},"end":{"line":326,"column":5}},"2":{"start":{"line":28,"column":4},"end":{"line":28,"column":14}},"3":{"start":{"line":33,"column":4},"end":{"line":60,"column":9}},"4":{"start":{"line":35,"column":8},"end":{"line":35,"column":19}},"5":{"start":{"line":37,"column":8},"end":{"line":49,"column":13}},"6":{"start":{"line":38,"column":12},"end":{"line":48,"column":13}},"7":{"start":{"line":39,"column":16},"end":{"line":42,"column":30}},"8":{"start":{"line":44,"column":16},"end":{"line":47,"column":27}},"9":{"start":{"line":51,"column":8},"end":{"line":53,"column":21}},"10":{"start":{"line":55,"column":8},"end":{"line":57,"column":45}},"11":{"start":{"line":59,"column":8},"end":{"line":59,"column":35}},"12":{"start":{"line":61,"column":4},"end":{"line":325,"column":5}},"13":{"start":{"line":69,"column":8},"end":{"line":121,"column":10},"skip":true},"14":{"start":{"line":70,"column":12},"end":{"line":88,"column":13},"skip":true},"15":{"start":{"line":76,"column":16},"end":{"line":87,"column":19},"skip":true},"16":{"start":{"line":79,"column":20},"end":{"line":86,"column":21},"skip":true},"17":{"start":{"line":82,"column":24},"end":{"line":82,"column":43},"skip":true},"18":{"start":{"line":83,"column":24},"end":{"line":83,"column":30},"skip":true},"19":{"start":{"line":85,"column":24},"end":{"line":85,"column":49},"skip":true},"20":{"start":{"line":89,"column":12},"end":{"line":107,"column":13},"skip":true},"21":{"start":{"line":92,"column":16},"end":{"line":102,"column":17},"skip":true},"22":{"start":{"line":93,"column":20},"end":{"line":93,"column":86},"skip":true},"23":{"start":{"line":94,"column":20},"end":{"line":95,"column":45},"skip":true},"24":{"start":{"line":96,"column":20},"end":{"line":96,"column":42},"skip":true},"25":{"start":{"line":97,"column":20},"end":{"line":97,"column":48},"skip":true},"26":{"start":{"line":100,"column":20},"end":{"line":100,"column":85},"skip":true},"27":{"start":{"line":101,"column":20},"end":{"line":101,"column":96},"skip":true},"28":{"start":{"line":103,"column":16},"end":{"line":103,"column":22},"skip":true},"29":{"start":{"line":106,"column":16},"end":{"line":106,"column":22},"skip":true},"30":{"start":{"line":108,"column":12},"end":{"line":120,"column":13},"skip":true},"31":{"start":{"line":114,"column":16},"end":{"line":119,"column":17},"skip":true},"32":{"start":{"line":116,"column":20},"end":{"line":116,"column":78},"skip":true},"33":{"start":{"line":118,"column":20},"end":{"line":118,"column":47},"skip":true},"34":{"start":{"line":123,"column":8},"end":{"line":141,"column":11},"skip":true},"35":{"start":{"line":124,"column":12},"end":{"line":124,"column":54},"skip":true},"36":{"start":{"line":125,"column":12},"end":{"line":140,"column":14},"skip":true},"37":{"start":{"line":126,"column":16},"end":{"line":126,"column":28},"skip":true},"38":{"start":{"line":127,"column":16},"end":{"line":127,"column":69},"skip":true},"39":{"start":{"line":128,"column":16},"end":{"line":128,"column":75},"skip":true},"40":{"start":{"line":129,"column":16},"end":{"line":131,"column":17},"skip":true},"41":{"start":{"line":130,"column":20},"end":{"line":130,"column":27},"skip":true},"42":{"start":{"line":133,"column":16},"end":{"line":137,"column":36},"skip":true},"43":{"start":{"line":134,"column":20},"end":{"line":136,"column":55},"skip":true},"44":{"start":{"line":139,"column":16},"end":{"line":139,"column":57},"skip":true},"45":{"start":{"line":143,"column":8},"end":{"line":147,"column":11},"skip":true},"46":{"start":{"line":144,"column":12},"end":{"line":146,"column":15},"skip":true},"47":{"start":{"line":145,"column":16},"end":{"line":145,"column":70},"skip":true},"48":{"start":{"line":149,"column":8},"end":{"line":149,"column":31},"skip":true},"49":{"start":{"line":150,"column":8},"end":{"line":150,"column":14},"skip":true},"50":{"start":{"line":158,"column":8},"end":{"line":158,"column":31},"skip":true},"51":{"start":{"line":160,"column":8},"end":{"line":160,"column":33},"skip":true},"52":{"start":{"line":161,"column":8},"end":{"line":161,"column":37},"skip":true},"53":{"start":{"line":162,"column":8},"end":{"line":162,"column":35},"skip":true},"54":{"start":{"line":164,"column":8},"end":{"line":164,"column":50},"skip":true},"55":{"start":{"line":166,"column":8},"end":{"line":256,"column":2},"skip":true},"56":{"start":{"line":258,"column":8},"end":{"line":286,"column":9},"skip":true},"57":{"start":{"line":259,"column":12},"end":{"line":269,"column":14},"skip":true},"58":{"start":{"line":271,"column":12},"end":{"line":285,"column":19},"skip":true},"59":{"start":{"line":274,"column":20},"end":{"line":274,"column":35},"skip":true},"60":{"start":{"line":275,"column":20},"end":{"line":284,"column":21},"skip":true},"61":{"start":{"line":277,"column":24},"end":{"line":277,"column":64},"skip":true},"62":{"start":{"line":279,"column":24},"end":{"line":279,"column":40},"skip":true},"63":{"start":{"line":281,"column":24},"end":{"line":281,"column":40},"skip":true},"64":{"start":{"line":283,"column":24},"end":{"line":283,"column":39},"skip":true},"65":{"start":{"line":288,"column":8},"end":{"line":290,"column":9},"skip":true},"66":{"start":{"line":289,"column":12},"end":{"line":289,"column":18},"skip":true},"67":{"start":{"line":291,"column":8},"end":{"line":293,"column":54},"skip":true},"68":{"start":{"line":296,"column":8},"end":{"line":301,"column":37},"skip":true},"69":{"start":{"line":303,"column":8},"end":{"line":303,"column":82},"skip":true},"70":{"start":{"line":306,"column":8},"end":{"line":308,"column":9},"skip":true},"71":{"start":{"line":307,"column":12},"end":{"line":307,"column":82},"skip":true},"72":{"start":{"line":310,"column":8},"end":{"line":312,"column":9},"skip":true},"73":{"start":{"line":311,"column":12},"end":{"line":311,"column":18},"skip":true},"74":{"start":{"line":313,"column":8},"end":{"line":313,"column":54},"skip":true},"75":{"start":{"line":314,"column":8},"end":{"line":314,"column":69},"skip":true},"76":{"start":{"line":315,"column":8},"end":{"line":323,"column":36},"skip":true},"77":{"start":{"line":316,"column":12},"end":{"line":316,"column":61},"skip":true},"78":{"start":{"line":317,"column":12},"end":{"line":320,"column":13},"skip":true},"79":{"start":{"line":318,"column":16},"end":{"line":318,"column":75},"skip":true},"80":{"start":{"line":319,"column":16},"end":{"line":319,"column":23},"skip":true},"81":{"start":{"line":321,"column":12},"end":{"line":321,"column":38},"skip":true},"82":{"start":{"line":322,"column":12},"end":{"line":322,"column":27},"skip":true},"83":{"start":{"line":324,"column":8},"end":{"line":324,"column":14},"skip":true}},"branchMap":{"1":{"line":39,"type":"binary-expr","locations":[{"start":{"line":39,"column":23},"end":{"line":39,"column":62}},{"start":{"line":40,"column":20},"end":{"line":40,"column":70}},{"start":{"line":41,"column":20},"end":{"line":41,"column":71}},{"start":{"line":42,"column":20},"end":{"line":42,"column":29}}]},"2":{"line":44,"type":"binary-expr","locations":[{"start":{"line":44,"column":23},"end":{"line":44,"column":37}},{"start":{"line":45,"column":20},"end":{"line":45,"column":61}},{"start":{"line":46,"column":20},"end":{"line":46,"column":70}},{"start":{"line":47,"column":20},"end":{"line":47,"column":26}}]},"3":{"line":51,"type":"cond-expr","locations":[{"start":{"line":52,"column":14},"end":{"line":52,"column":20}},{"start":{"line":53,"column":14},"end":{"line":53,"column":20}}]},"4":{"line":55,"type":"binary-expr","locations":[{"start":{"line":55,"column":16},"end":{"line":55,"column":44}},{"start":{"line":55,"column":49},"end":{"line":57,"column":43}}]},"5":{"line":55,"type":"cond-expr","locations":[{"start":{"line":56,"column":14},"end":{"line":56,"column":58}},{"start":{"line":57,"column":14},"end":{"line":57,"column":43}}]},"6":{"line":61,"type":"switch","locations":[{"start":{"line":68,"column":4},"end":{"line":150,"column":14},"skip":true},{"start":{"line":156,"column":4},"end":{"line":324,"column":14},"skip":true}]},"7":{"line":70,"type":"if","locations":[{"start":{"line":70,"column":12},"end":{"line":70,"column":12},"skip":true},{"start":{"line":70,"column":12},"end":{"line":70,"column":12},"skip":true}]},"8":{"line":70,"type":"binary-expr","locations":[{"start":{"line":70,"column":16},"end":{"line":70,"column":22},"skip":true},{"start":{"line":70,"column":27},"end":{"line":70,"column":32},"skip":true},{"start":{"line":71,"column":20},"end":{"line":71,"column":39},"skip":true},{"start":{"line":72,"column":20},"end":{"line":72,"column":49},"skip":true},{"start":{"line":73,"column":20},"end":{"line":73,"column":58},"skip":true},{"start":{"line":74,"column":20},"end":{"line":74,"column":69},"skip":true}]},"9":{"line":79,"type":"switch","locations":[{"start":{"line":80,"column":20},"end":{"line":80,"column":33},"skip":true},{"start":{"line":81,"column":20},"end":{"line":83,"column":30},"skip":true},{"start":{"line":84,"column":20},"end":{"line":85,"column":49},"skip":true}]},"10":{"line":89,"type":"switch","locations":[{"start":{"line":90,"column":12},"end":{"line":103,"column":22},"skip":true},{"start":{"line":105,"column":12},"end":{"line":106,"column":22},"skip":true}]},"11":{"line":89,"type":"binary-expr","locations":[{"start":{"line":89,"column":20},"end":{"line":89,"column":25},"skip":true},{"start":{"line":89,"column":29},"end":{"line":89,"column":48},"skip":true},{"start":{"line":89,"column":52},"end":{"line":89,"column":74},"skip":true}]},"12":{"line":92,"type":"if","locations":[{"start":{"line":92,"column":16},"end":{"line":92,"column":16},"skip":true},{"start":{"line":92,"column":16},"end":{"line":92,"column":16},"skip":true}]},"13":{"line":108,"type":"if","locations":[{"start":{"line":108,"column":12},"end":{"line":108,"column":12},"skip":true},{"start":{"line":108,"column":12},"end":{"line":108,"column":12},"skip":true}]},"14":{"line":108,"type":"binary-expr","locations":[{"start":{"line":108,"column":16},"end":{"line":108,"column":61},"skip":true},{"start":{"line":108,"column":66},"end":{"line":108,"column":72},"skip":true},{"start":{"line":108,"column":77},"end":{"line":108,"column":82},"skip":true},{"start":{"line":109,"column":20},"end":{"line":109,"column":39},"skip":true},{"start":{"line":110,"column":20},"end":{"line":110,"column":49},"skip":true},{"start":{"line":111,"column":20},"end":{"line":111,"column":58},"skip":true},{"start":{"line":112,"column":20},"end":{"line":112,"column":68},"skip":true}]},"15":{"line":129,"type":"if","locations":[{"start":{"line":129,"column":16},"end":{"line":129,"column":16},"skip":true},{"start":{"line":129,"column":16},"end":{"line":129,"column":16},"skip":true}]},"16":{"line":134,"type":"cond-expr","locations":[{"start":{"line":135,"column":26},"end":{"line":135,"column":29},"skip":true},{"start":{"line":136,"column":26},"end":{"line":136,"column":54},"skip":true}]},"17":{"line":164,"type":"binary-expr","locations":[{"start":{"line":164,"column":27},"end":{"line":164,"column":43},"skip":true},{"start":{"line":164,"column":47},"end":{"line":164,"column":49},"skip":true}]},"18":{"line":258,"type":"if","locations":[{"start":{"line":258,"column":8},"end":{"line":258,"column":8},"skip":true},{"start":{"line":258,"column":8},"end":{"line":258,"column":8},"skip":true}]},"19":{"line":275,"type":"switch","locations":[{"start":{"line":276,"column":20},"end":{"line":277,"column":64},"skip":true},{"start":{"line":278,"column":20},"end":{"line":279,"column":40},"skip":true},{"start":{"line":280,"column":20},"end":{"line":281,"column":40},"skip":true},{"start":{"line":282,"column":20},"end":{"line":283,"column":39},"skip":true}]},"20":{"line":288,"type":"if","locations":[{"start":{"line":288,"column":8},"end":{"line":288,"column":8},"skip":true},{"start":{"line":288,"column":8},"end":{"line":288,"column":8},"skip":true}]},"21":{"line":288,"type":"binary-expr","locations":[{"start":{"line":288,"column":12},"end":{"line":288,"column":40},"skip":true},{"start":{"line":288,"column":44},"end":{"line":288,"column":67},"skip":true}]},"22":{"line":292,"type":"binary-expr","locations":[{"start":{"line":292,"column":12},"end":{"line":292,"column":50},"skip":true},{"start":{"line":293,"column":12},"end":{"line":293,"column":53},"skip":true}]},"23":{"line":297,"type":"binary-expr","locations":[{"start":{"line":297,"column":12},"end":{"line":297,"column":72},"skip":true},{"start":{"line":298,"column":12},"end":{"line":301,"column":36},"skip":true}]},"24":{"line":303,"type":"binary-expr","locations":[{"start":{"line":303,"column":43},"end":{"line":303,"column":75},"skip":true},{"start":{"line":303,"column":79},"end":{"line":303,"column":81},"skip":true}]},"25":{"line":306,"type":"if","locations":[{"start":{"line":306,"column":8},"end":{"line":306,"column":8},"skip":true},{"start":{"line":306,"column":8},"end":{"line":306,"column":8},"skip":true}]},"26":{"line":310,"type":"if","locations":[{"start":{"line":310,"column":8},"end":{"line":310,"column":8},"skip":true},{"start":{"line":310,"column":8},"end":{"line":310,"column":8},"skip":true}]},"27":{"line":313,"type":"binary-expr","locations":[{"start":{"line":313,"column":27},"end":{"line":313,"column":43},"skip":true},{"start":{"line":313,"column":47},"end":{"line":313,"column":53},"skip":true}]},"28":{"line":317,"type":"if","locations":[{"start":{"line":317,"column":12},"end":{"line":317,"column":12},"skip":true},{"start":{"line":317,"column":12},"end":{"line":317,"column":12},"skip":true}]}},"code":["/*","example.js","","quickstart example","","instruction","    1. save this script as example.js","    2. run the shell command:","        $ npm install npmtest-languagedetect && PORT=8081 node example.js","    3. play with the browser-demo on http://127.0.0.1:8081","*/","","","","/* istanbul instrument in package npmtest_languagedetect */","/*jslint","    bitwise: true,","    browser: true,","    maxerr: 8,","    maxlen: 96,","    node: true,","    nomen: true,","    regexp: true,","    stupid: true","*/","(function () {","    'use strict';","    var local;","","","","    // run shared js-env code - init-before","    (function () {","        // init local","        local = {};","        // init modeJs","        local.modeJs = (function () {","            try {","                return typeof navigator.userAgent === 'string' &&","                    typeof document.querySelector('body') === 'object' &&","                    typeof XMLHttpRequest.prototype.open === 'function' &&","                    'browser';","            } catch (errorCaughtBrowser) {","                return module.exports &&","                    typeof process.versions.node === 'string' &&","                    typeof require('http').createServer === 'function' &&","                    'node';","            }","        }());","        // init global","        local.global = local.modeJs === 'browser'","            ? window","            : global;","        // init utility2_rollup","        local = local.global.utility2_rollup || (local.modeJs === 'browser'","            ? local.global.utility2_npmtest_languagedetect","            : global.utility2_moduleExports);","        // export local","        local.global.local = local;","    }());","    switch (local.modeJs) {","","","","    // init-after","    // run browser js-env code - init-after","    /* istanbul ignore next */","    case 'browser':","        local.testRunBrowser = function (event) {","            if (!event || (event &&","                    event.currentTarget &&","                    event.currentTarget.className &&","                    event.currentTarget.className.includes &&","                    event.currentTarget.className.includes('onreset'))) {","                // reset output","                Array.from(","                    document.querySelectorAll('body > .resettable')","                ).forEach(function (element) {","                    switch (element.tagName) {","                    case 'INPUT':","                    case 'TEXTAREA':","                        element.value = '';","                        break;","                    default:","                        element.textContent = '';","                    }","                });","            }","            switch (event && event.currentTarget && event.currentTarget.id) {","            case 'testRunButton1':","                // show tests","                if (document.querySelector('#testReportDiv1').style.display === 'none') {","                    document.querySelector('#testReportDiv1').style.display = 'block';","                    document.querySelector('#testRunButton1').textContent =","                        'hide internal test';","                    local.modeTest = true;","                    local.testRunDefault(local);","                // hide tests","                } else {","                    document.querySelector('#testReportDiv1').style.display = 'none';","                    document.querySelector('#testRunButton1').textContent = 'run internal test';","                }","                break;","            // custom-case","            default:","                break;","            }","            if (document.querySelector('#inputTextareaEval1') && (!event || (event &&","                    event.currentTarget &&","                    event.currentTarget.className &&","                    event.currentTarget.className.includes &&","                    event.currentTarget.className.includes('oneval')))) {","                // try to eval input-code","                try {","                    /*jslint evil: true*/","                    eval(document.querySelector('#inputTextareaEval1').value);","                } catch (errorCaught) {","                    console.error(errorCaught);","                }","            }","        };","        // log stderr and stdout to #outputTextareaStdout1","        ['error', 'log'].forEach(function (key) {","            console[key + '_original'] = console[key];","            console[key] = function () {","                var element;","                console[key + '_original'].apply(console, arguments);","                element = document.querySelector('#outputTextareaStdout1');","                if (!element) {","                    return;","                }","                // append text to #outputTextareaStdout1","                element.value += Array.from(arguments).map(function (arg) {","                    return typeof arg === 'string'","                        ? arg","                        : JSON.stringify(arg, null, 4);","                }).join(' ') + '\\n';","                // scroll textarea to bottom","                element.scrollTop = element.scrollHeight;","            };","        });","        // init event-handling","        ['change', 'click', 'keyup'].forEach(function (event) {","            Array.from(document.querySelectorAll('.on' + event)).forEach(function (element) {","                element.addEventListener(event, local.testRunBrowser);","            });","        });","        // run tests","        local.testRunBrowser();","        break;","","","","    // run node js-env code - init-after","    /* istanbul ignore next */","    case 'node':","        // export local","        module.exports = local;","        // require modules","        local.fs = require('fs');","        local.http = require('http');","        local.url = require('url');","        // init assets","        local.assetsDict = local.assetsDict || {};","        /* jslint-ignore-begin */","        local.assetsDict['/assets.index.template.html'] = '\\","<!doctype html>\\n\\","<html lang=\"en\">\\n\\","<head>\\n\\","<meta charset=\"UTF-8\">\\n\\","<meta name=\"viewport\" content=\"width=device-width, initial-scale=1\">\\n\\","<title>{{env.npm_package_name}} (v{{env.npm_package_version}})</title>\\n\\","<style>\\n\\","/*csslint\\n\\","    box-sizing: false,\\n\\","    universal-selector: false\\n\\","*/\\n\\","* {\\n\\","    box-sizing: border-box;\\n\\","}\\n\\","body {\\n\\","    background: #dde;\\n\\","    font-family: Arial, Helvetica, sans-serif;\\n\\","    margin: 2rem;\\n\\","}\\n\\","body > * {\\n\\","    margin-bottom: 1rem;\\n\\","}\\n\\",".utility2FooterDiv {\\n\\","    margin-top: 20px;\\n\\","    text-align: center;\\n\\","}\\n\\","</style>\\n\\","<style>\\n\\","/*csslint\\n\\","*/\\n\\","textarea {\\n\\","    font-family: monospace;\\n\\","    height: 10rem;\\n\\","    width: 100%;\\n\\","}\\n\\","textarea[readonly] {\\n\\","    background: #ddd;\\n\\","}\\n\\","</style>\\n\\","</head>\\n\\","<body>\\n\\","<!-- utility2-comment\\n\\","<div id=\"ajaxProgressDiv1\" style=\"background: #d00; height: 2px; left: 0; margin: 0; padding: 0; position: fixed; top: 0; transition: background 0.5s, width 1.5s; width: 25%;\"></div>\\n\\","utility2-comment -->\\n\\","<h1>\\n\\","<!-- utility2-comment\\n\\","    <a\\n\\","        {{#if env.npm_package_homepage}}\\n\\","        href=\"{{env.npm_package_homepage}}\"\\n\\","        {{/if env.npm_package_homepage}}\\n\\","        target=\"_blank\"\\n\\","    >\\n\\","utility2-comment -->\\n\\","        {{env.npm_package_name}} (v{{env.npm_package_version}})\\n\\","<!-- utility2-comment\\n\\","    </a>\\n\\","utility2-comment -->\\n\\","</h1>\\n\\","<h3>{{env.npm_package_description}}</h3>\\n\\","<!-- utility2-comment\\n\\","<h4><a download href=\"assets.app.js\">download standalone app</a></h4>\\n\\","<button class=\"onclick onreset\" id=\"testRunButton1\">run internal test</button><br>\\n\\","<div id=\"testReportDiv1\" style=\"display: none;\"></div>\\n\\","utility2-comment -->\\n\\","\\n\\","\\n\\","\\n\\","<label>stderr and stdout</label>\\n\\","<textarea class=\"resettable\" id=\"outputTextareaStdout1\" readonly></textarea>\\n\\","<!-- utility2-comment\\n\\","{{#if isRollup}}\\n\\","<script src=\"assets.app.js\"></script>\\n\\","{{#unless isRollup}}\\n\\","utility2-comment -->\\n\\","<script src=\"assets.utility2.rollup.js\"></script>\\n\\","<script src=\"jsonp.utility2._stateInit?callback=window.utility2._stateInit\"></script>\\n\\","<script src=\"assets.npmtest_languagedetect.rollup.js\"></script>\\n\\","<script src=\"assets.example.js\"></script>\\n\\","<script src=\"assets.test.js\"></script>\\n\\","<!-- utility2-comment\\n\\","{{/if isRollup}}\\n\\","utility2-comment -->\\n\\","<div class=\"utility2FooterDiv\">\\n\\","    [ this app was created with\\n\\","    <a href=\"https://github.com/kaizhu256/node-utility2\" target=\"_blank\">utility2</a>\\n\\","    ]\\n\\","</div>\\n\\","</body>\\n\\","</html>\\n\\","';","        /* jslint-ignore-end */","        if (local.templateRender) {","            local.assetsDict['/'] = local.templateRender(","                local.assetsDict['/assets.index.template.html'],","                {","                    env: local.objectSetDefault(local.env, {","                        npm_package_description: 'the greatest app in the world!',","                        npm_package_name: 'my-app',","                        npm_package_nameAlias: 'my_app',","                        npm_package_version: '0.0.1'","                    })","                }","            );","        } else {","            local.assetsDict['/'] = local.assetsDict['/assets.index.template.html']","                .replace((/\\{\\{env\\.(\\w+?)\\}\\}/g), function (match0, match1) {","                    // jslint-hack","                    String(match0);","                    switch (match1) {","                    case 'npm_package_description':","                        return 'the greatest app in the world!';","                    case 'npm_package_name':","                        return 'my-app';","                    case 'npm_package_nameAlias':","                        return 'my_app';","                    case 'npm_package_version':","                        return '0.0.1';","                    }","                });","        }","        // run the cli","        if (local.global.utility2_rollup || module !== require.main) {","            break;","        }","        local.assetsDict['/assets.example.js'] =","            local.assetsDict['/assets.example.js'] ||","            local.fs.readFileSync(__filename, 'utf8');","        // bug-workaround - long $npm_package_buildCustomOrg","        /* jslint-ignore-begin */","        local.assetsDict['/assets.npmtest_languagedetect.rollup.js'] =","            local.assetsDict['/assets.npmtest_languagedetect.rollup.js'] ||","            local.fs.readFileSync(","                local.npmtest_languagedetect.__dirname + '/lib.npmtest_languagedetect.js',","                'utf8'","            ).replace((/^#!/), '//');","        /* jslint-ignore-end */","        local.assetsDict['/favicon.ico'] = local.assetsDict['/favicon.ico'] || '';","        // if $npm_config_timeout_exit exists,","        // then exit this process after $npm_config_timeout_exit ms","        if (Number(process.env.npm_config_timeout_exit)) {","            setTimeout(process.exit, Number(process.env.npm_config_timeout_exit));","        }","        // start server","        if (local.global.utility2_serverHttp1) {","            break;","        }","        process.env.PORT = process.env.PORT || '8081';","        console.error('server starting on port ' + process.env.PORT);","        local.http.createServer(function (request, response) {","            request.urlParsed = local.url.parse(request.url);","            if (local.assetsDict[request.urlParsed.pathname] !== undefined) {","                response.end(local.assetsDict[request.urlParsed.pathname]);","                return;","            }","            response.statusCode = 404;","            response.end();","        }).listen(process.env.PORT);","        break;","    }","}());",""],"l":{"26":2,"28":2,"33":2,"35":2,"37":2,"38":2,"39":2,"44":1,"51":2,"55":2,"59":2,"61":2,"69":1,"70":2,"76":2,"79":2,"82":2,"83":2,"85":1,"89":2,"92":1,"93":1,"94":1,"96":1,"97":1,"100":1,"101":1,"103":1,"106":1,"108":2,"114":1,"116":1,"118":1,"123":1,"124":2,"125":2,"126":3,"127":3,"128":3,"129":3,"130":1,"133":3,"134":3,"139":3,"143":1,"144":3,"145":1,"149":1,"150":1,"158":1,"160":1,"161":1,"162":1,"164":1,"166":1,"258":1,"259":1,"271":1,"274":6,"275":6,"277":1,"279":2,"281":1,"283":2,"288":1,"289":1,"291":1,"296":1,"303":1,"306":1,"307":1,"310":1,"311":1,"313":1,"314":1,"315":1,"316":1,"317":1,"318":1,"319":1,"321":1,"322":1,"324":1}},"/home/travis/build/npmtest/node-npmtest-languagedetect/node_modules/languagedetect/index.js":{"path":"/home/travis/build/npmtest/node-npmtest-languagedetect/node_modules/languagedetect/index.js","s":{"1":1},"b":{},"f":{},"fnMap":{},"statementMap":{"1":{"start":{"line":1,"column":0},"end":{"line":1,"column":49}}},"branchMap":{},"code":["module.exports = require('./lib/LanguageDetect');"],"l":{"1":1}},"/home/travis/build/npmtest/node-npmtest-languagedetect/node_modules/languagedetect/lib/LanguageDetect.js":{"path":"/home/travis/build/npmtest/node-npmtest-languagedetect/node_modules/languagedetect/lib/LanguageDetect.js","s":{"1":1,"2":1,"3":0,"4":0,"5":0,"6":0,"7":0,"8":0,"9":1,"10":0,"11":0,"12":0,"13":0,"14":0,"15":0,"16":0,"17":0,"18":0,"19":0,"20":0,"21":0,"22":0,"23":0,"24":0,"25":0,"26":0,"27":0,"28":0,"29":0,"30":0,"31":0,"32":0,"33":0,"34":0,"35":0,"36":0,"37":0,"38":0,"39":0,"40":0,"41":0,"42":0,"43":0,"44":0,"45":0,"46":0,"47":0,"48":0,"49":0,"50":0,"51":0,"52":0,"53":0},"b":{"1":[0,0],"2":[0,0],"3":[0,0],"4":[0,0],"5":[0,0],"6":[0,0],"7":[0,0],"8":[0,0],"9":[0,0],"10":[0,0],"11":[0,0],"12":[0,0],"13":[0,0],"14":[0,0]},"f":{"1":0,"2":0,"3":0,"4":0,"5":0,"6":0,"7":0,"8":0},"fnMap":{"1":{"name":"(anonymous_1)","line":36,"loc":{"start":{"line":36,"column":38},"end":{"line":36,"column":62}}},"2":{"name":"(anonymous_2)","line":81,"loc":{"start":{"line":81,"column":19},"end":{"line":81,"column":31}}},"3":{"name":"(anonymous_3)","line":85,"loc":{"start":{"line":85,"column":18},"end":{"line":85,"column":34}}},"4":{"name":"(anonymous_4)","line":95,"loc":{"start":{"line":95,"column":15},"end":{"line":95,"column":27}}},"5":{"name":"(anonymous_5)","line":116,"loc":{"start":{"line":116,"column":11},"end":{"line":116,"column":33}}},"6":{"name":"(anonymous_6)","line":141,"loc":{"start":{"line":141,"column":17},"end":{"line":141,"column":45}}},"7":{"name":"(anonymous_7)","line":171,"loc":{"start":{"line":171,"column":9},"end":{"line":171,"column":34}}},"8":{"name":"(anonymous_8)","line":212,"loc":{"start":{"line":212,"column":16},"end":{"line":212,"column":32}}}},"statementMap":{"1":{"start":{"line":32,"column":0},"end":{"line":34,"column":33}},"2":{"start":{"line":36,"column":0},"end":{"line":71,"column":2}},"3":{"start":{"line":49,"column":2},"end":{"line":49,"column":19}},"4":{"start":{"line":57,"column":2},"end":{"line":57,"column":23}},"5":{"start":{"line":59,"column":2},"end":{"line":59,"column":34}},"6":{"start":{"line":67,"column":2},"end":{"line":67,"column":34}},"7":{"start":{"line":68,"column":2},"end":{"line":68,"column":49}},"8":{"start":{"line":70,"column":2},"end":{"line":70,"column":43}},"9":{"start":{"line":73,"column":0},"end":{"line":233,"column":2}},"10":{"start":{"line":82,"column":4},"end":{"line":82,"column":38}},"11":{"start":{"line":86,"column":4},"end":{"line":86,"column":36}},"12":{"start":{"line":96,"column":4},"end":{"line":96,"column":36}},"13":{"start":{"line":117,"column":4},"end":{"line":120,"column":10}},"14":{"start":{"line":122,"column":4},"end":{"line":124,"column":5}},"15":{"start":{"line":123,"column":6},"end":{"line":123,"column":88}},"16":{"start":{"line":126,"column":4},"end":{"line":126,"column":19}},"17":{"start":{"line":142,"column":4},"end":{"line":142,"column":72}},"18":{"start":{"line":172,"column":4},"end":{"line":173,"column":20}},"19":{"start":{"line":175,"column":4},"end":{"line":175,"column":24}},"20":{"start":{"line":177,"column":4},"end":{"line":177,"column":61}},"21":{"start":{"line":177,"column":51},"end":{"line":177,"column":61}},"22":{"start":{"line":179,"column":4},"end":{"line":179,"column":39}},"23":{"start":{"line":180,"column":4},"end":{"line":180,"column":32}},"24":{"start":{"line":181,"column":4},"end":{"line":181,"column":24}},"25":{"start":{"line":183,"column":4},"end":{"line":184,"column":56}},"26":{"start":{"line":186,"column":4},"end":{"line":186,"column":37}},"27":{"start":{"line":186,"column":27},"end":{"line":186,"column":37}},"28":{"start":{"line":188,"column":4},"end":{"line":188,"column":27}},"29":{"start":{"line":190,"column":4},"end":{"line":204,"column":5}},"30":{"start":{"line":191,"column":6},"end":{"line":193,"column":40}},"31":{"start":{"line":195,"column":6},"end":{"line":201,"column":7}},"32":{"start":{"line":196,"column":8},"end":{"line":200,"column":9}},"33":{"start":{"line":197,"column":10},"end":{"line":199,"column":11}},"34":{"start":{"line":198,"column":12},"end":{"line":198,"column":54}},"35":{"start":{"line":198,"column":38},"end":{"line":198,"column":54}},"36":{"start":{"line":203,"column":6},"end":{"line":203,"column":31}},"37":{"start":{"line":206,"column":4},"end":{"line":209,"column":5}},"38":{"start":{"line":207,"column":6},"end":{"line":207,"column":97}},"39":{"start":{"line":208,"column":6},"end":{"line":208,"column":47}},"40":{"start":{"line":208,"column":17},"end":{"line":208,"column":47}},"41":{"start":{"line":212,"column":4},"end":{"line":212,"column":57}},"42":{"start":{"line":212,"column":34},"end":{"line":212,"column":53}},"43":{"start":{"line":213,"column":4},"end":{"line":213,"column":37}},"44":{"start":{"line":215,"column":4},"end":{"line":215,"column":33}},"45":{"start":{"line":215,"column":23},"end":{"line":215,"column":33}},"46":{"start":{"line":217,"column":4},"end":{"line":228,"column":5}},"47":{"start":{"line":219,"column":8},"end":{"line":221,"column":9}},"48":{"start":{"line":220,"column":10},"end":{"line":220,"column":55}},"49":{"start":{"line":222,"column":8},"end":{"line":222,"column":14}},"50":{"start":{"line":224,"column":8},"end":{"line":226,"column":9}},"51":{"start":{"line":225,"column":10},"end":{"line":225,"column":55}},"52":{"start":{"line":227,"column":8},"end":{"line":227,"column":14}},"53":{"start":{"line":231,"column":4},"end":{"line":231,"column":55}}},"branchMap":{"1":{"line":70,"type":"binary-expr","locations":[{"start":{"line":70,"column":22},"end":{"line":70,"column":34}},{"start":{"line":70,"column":38},"end":{"line":70,"column":42}}]},"2":{"line":123,"type":"cond-expr","locations":[{"start":{"line":123,"column":33},"end":{"line":123,"column":72}},{"start":{"line":123,"column":75},"end":{"line":123,"column":87}}]},"3":{"line":142,"type":"binary-expr","locations":[{"start":{"line":142,"column":25},"end":{"line":142,"column":34}},{"start":{"line":142,"column":38},"end":{"line":142,"column":52}}]},"4":{"line":175,"type":"binary-expr","locations":[{"start":{"line":175,"column":12},"end":{"line":175,"column":18}},{"start":{"line":175,"column":22},"end":{"line":175,"column":23}}]},"5":{"line":177,"type":"if","locations":[{"start":{"line":177,"column":4},"end":{"line":177,"column":4}},{"start":{"line":177,"column":4},"end":{"line":177,"column":4}}]},"6":{"line":177,"type":"binary-expr","locations":[{"start":{"line":177,"column":8},"end":{"line":177,"column":20}},{"start":{"line":177,"column":24},"end":{"line":177,"column":49}}]},"7":{"line":186,"type":"if","locations":[{"start":{"line":186,"column":4},"end":{"line":186,"column":4}},{"start":{"line":186,"column":4},"end":{"line":186,"column":4}}]},"8":{"line":190,"type":"if","locations":[{"start":{"line":190,"column":4},"end":{"line":190,"column":4}},{"start":{"line":190,"column":4},"end":{"line":190,"column":4}}]},"9":{"line":196,"type":"if","locations":[{"start":{"line":196,"column":8},"end":{"line":196,"column":8}},{"start":{"line":196,"column":8},"end":{"line":196,"column":8}}]},"10":{"line":198,"type":"if","locations":[{"start":{"line":198,"column":12},"end":{"line":198,"column":12}},{"start":{"line":198,"column":12},"end":{"line":198,"column":12}}]},"11":{"line":208,"type":"if","locations":[{"start":{"line":208,"column":6},"end":{"line":208,"column":6}},{"start":{"line":208,"column":6},"end":{"line":208,"column":6}}]},"12":{"line":215,"type":"if","locations":[{"start":{"line":215,"column":4},"end":{"line":215,"column":4}},{"start":{"line":215,"column":4},"end":{"line":215,"column":4}}]},"13":{"line":217,"type":"switch","locations":[{"start":{"line":218,"column":6},"end":{"line":222,"column":14}},{"start":{"line":223,"column":6},"end":{"line":227,"column":14}}]},"14":{"line":231,"type":"cond-expr","locations":[{"start":{"line":231,"column":23},"end":{"line":231,"column":45}},{"start":{"line":231,"column":48},"end":{"line":231,"column":54}}]}},"code":["/**"," *"," * Detects the language of a given piece of text."," *"," * Attempts to detect the language of a sample of text by correlating ranked"," * 3-gram frequencies to a table of 3-gram frequencies of known languages."," *"," * Implements a version of a technique originally proposed by Cavnar & Trenkle"," * (1994): \"N-Gram-Based Text Categorization\""," *"," * Largely inspired from the PHP Pear Package Text_LanguageDetect by Nicholas Pisarro"," * Licence: http://www.debian.org/misc/bsd.license BSD"," *"," * @author Francois-Guillaume Ribreau - @FGRibreau"," * @author Ruslan Zavackiy - @Chaoser"," *"," * @see https://github.com/FGRibreau/node-language-detect"," *"," * Installation:"," *  npm install LanguageDetect"," *"," * @example"," * <code>"," * var LanguageDetect = require(\"../LanguageDetect\");"," * var d = new LanguageDetect().detect('This is a test');"," * // d[0] == 'english'"," * // d[1] == 0.5969230769230769"," * // Good score are over 0.3"," * </code>"," */","","var dbLang = require('../data/lang.json')","  , Parser = require('./Parser')","  , ISO639 = require('./ISO639');","","var LanguageDetect = module.exports = function (languageType) {","","  /**","   * The trigram data for comparison","   *","   * Will be loaded on start from $this->_db_filename","   *","   * May be set to a PEAR_Error object if there is an error during its","   * initialization","   *","   * @var      array","   * @access   private","   */","  this.langDb = {};","","  /**","   * The size of the trigram data arrays","   *","   * @var     int","   * @access  private","   */","  this.threshold = 300;","","  this.useUnicodeNarrowing = true;","","  /**","   * Constructor","   *","   * Load the language database.","   *","   */","  this.langDb = dbLang['trigram'];","  this.unicodeMap = dbLang['trigram-unicodemap'];","","  this.languageType = languageType || null;","};","","LanguageDetect.prototype = {","","  /**","   * Returns the number of languages that this object can detect","   *","   * @access public","   * @return int the number of languages","   */","  getLanguageCount:function () {","    return this.getLanguages().length;","  },","","  setLanguageType:function (type) {","    return this.languageType = type;","  },","","  /**","   * Returns the list of detectable languages","   *","   * @access public","   * @return object the names of the languages known to this object","   */","  getLanguages:function () {","    return Object.keys(this.langDb);","  },","","  /**","   * Calculates a linear rank-order distance statistic between two sets of","   * ranked trigrams","   *","   * Sums the differences in rank for each trigram. If the trigram does not","   * appear in both, consider it a difference of $this->_threshold.","   *","   * This distance measure was proposed by Cavnar & Trenkle (1994). Despite","   * its simplicity it has been shown to be highly accurate for language","   * identification tasks.","   *","   * @access  private","   * @param   arr1  the reference set of trigram ranks","   * @param   arr2  the target set of trigram ranks","   * @return  int   the sum of the differences between the ranks of","   *                the two trigram sets","   */","  distance:function (arr1, arr2) {","    var me = this","      , sumdist = 0","      , keys = Object.keys(arr2)","      , i;","","    for (i = keys.length; i--;) {","      sumdist += arr1[keys[i]] ? Math.abs(arr2[keys[i]] - arr1[keys[i]]) : me.threshold;","    }","","    return sumdist;","  },","","  /**","   * Normalizes the score returned by _distance()","   *","   * Different if perl compatible or not","   *","   * @access  private","   * @param   score       the score from _distance()","   * @param   baseCount   the number of trigrams being considered","   * @return  number      the normalized score","   *","   * @see     distance()","   */","  normalizeScore:function (score, baseCount) {","    return 1 - (score / (baseCount || this.threshold) / this.threshold);","  },","","  /**","   * Detects the closeness of a sample of text to the known languages","   *","   * Calculates the statistical difference between the text and","   * the trigrams for each language, normalizes the score then","   * returns results for all languages in sorted order","   *","   * If perl compatible, the score is 300-0, 0 being most similar.","   * Otherwise, it's 0-1 with 1 being most similar.","   *","   * The $sample text should be at least a few sentences in length;","   * should be ascii-7 or utf8 encoded, if another and the mbstring extension","   * is present it will try to detect and convert. However, experience has","   * shown that mb_detect_encoding() *does not work very well* with at least","   * some types of encoding.","   *","   * @access  public","   * @param   sample  a sample of text to compare.","   * @param   limit  if specified, return an array of the most likely","   *                  $limit languages and their scores.","   * @return  Array   sorted array of language scores, blank array if no","   *                  useable text was found, or PEAR_Error if error","   *                  with the object setup","   *","   * @see     distance()","   */","  detect:function (sample, limit) {","    var me = this","      , scores = [];","","    limit = +limit || 0;","","    if (sample == '' || String(sample).length < 3) return [];","","    var sampleObj = new Parser(sample);","    sampleObj.setPadStart(true);","    sampleObj.analyze();","","    var trigramFreqs = sampleObj.getTrigramRanks()","      , trigramCount = Object.keys(trigramFreqs).length;","","    if (trigramCount == 0) return [];","","    var keys = [], i, lang;","","    if (this.useUnicodeNarrowing) {","      var blocks = sampleObj.getUnicodeBlocks()","        , languages = Object.keys(blocks)","        , keysLength = languages.length;","","      for (i = keysLength; i--;) {","        if (this.unicodeMap[languages[i]]) {","          for (lang in this.unicodeMap[languages[i]]) {","            if (!~keys.indexOf(lang)) keys.push(lang);","          }","        }","      }","    } else {","      keys = me.getLanguages();","    }","","    for (i = keys.length; i--;) {","      var score = me.normalizeScore(me.distance(me.langDb[keys[i]], trigramFreqs), trigramCount);","      if (score) scores.push([keys[i], score]);","    }","","    // Sort the array","    scores.sort(function (a, b) { return b[1] - a[1]; });","    var scoresLength = scores.length;","","    if (!scoresLength) return [];","","    switch (me.languageType) {","      case 'iso2':","        for (i = scoresLength; i--;) {","          scores[i][0] = ISO639.getCode2(scores[i][0]);","        }","        break;","      case 'iso3':","        for (i = scoresLength; i--;) {","          scores[i][0] = ISO639.getCode3(scores[i][0]);","        }","        break;","    }","","    // limit the number of returned scores","    return limit > 0 ? scores.slice(0, limit) : scores;","  }","};",""],"l":{"32":1,"36":1,"49":0,"57":0,"59":0,"67":0,"68":0,"70":0,"73":1,"82":0,"86":0,"96":0,"117":0,"122":0,"123":0,"126":0,"142":0,"172":0,"175":0,"177":0,"179":0,"180":0,"181":0,"183":0,"186":0,"188":0,"190":0,"191":0,"195":0,"196":0,"197":0,"198":0,"203":0,"206":0,"207":0,"208":0,"212":0,"213":0,"215":0,"217":0,"219":0,"220":0,"222":0,"224":0,"225":0,"227":0,"231":0}},"/home/travis/build/npmtest/node-npmtest-languagedetect/node_modules/languagedetect/lib/Parser.js":{"path":"/home/travis/build/npmtest/node-npmtest-languagedetect/node_modules/languagedetect/lib/Parser.js","s":{"1":1,"2":1,"3":0,"4":0,"5":0,"6":0,"7":0,"8":0,"9":0,"10":0,"11":0,"12":1,"13":0,"14":0,"15":0,"16":0,"17":0,"18":0,"19":0,"20":0,"21":0,"22":0,"23":0,"24":0,"25":0,"26":0,"27":0,"28":0,"29":0,"30":0,"31":0,"32":0,"33":0,"34":0,"35":0,"36":0,"37":0,"38":0,"39":0,"40":0,"41":0,"42":0,"43":0,"44":0,"45":0,"46":0,"47":0,"48":0,"49":0,"50":0,"51":0,"52":0,"53":0,"54":0,"55":0,"56":0,"57":0,"58":0,"59":0,"60":0,"61":0,"62":0,"63":0,"64":0,"65":0,"66":0,"67":0,"68":0,"69":0,"70":0,"71":0,"72":0,"73":0,"74":0,"75":0,"76":0,"77":0,"78":0,"79":0,"80":0,"81":0,"82":0,"83":0,"84":0,"85":0,"86":0,"87":0,"88":0,"89":0,"90":0,"91":0,"92":0},"b":{"1":[0,0],"2":[0,0],"3":[0,0],"4":[0,0],"5":[0,0],"6":[0,0],"7":[0,0],"8":[0,0],"9":[0,0,0],"10":[0,0],"11":[0,0],"12":[0,0],"13":[0,0,0,0,0,0,0],"14":[0,0],"15":[0,0],"16":[0,0],"17":[0,0],"18":[0,0],"19":[0,0],"20":[0,0],"21":[0,0],"22":[0,0],"23":[0,0],"24":[0,0],"25":[0,0],"26":[0,0],"27":[0,0],"28":[0,0],"29":[0,0],"30":[0,0],"31":[0,0]},"f":{"1":0,"2":0,"3":0,"4":0,"5":0,"6":0,"7":0,"8":0,"9":0,"10":0},"fnMap":{"1":{"name":"(anonymous_1)","line":14,"loc":{"start":{"line":14,"column":30},"end":{"line":14,"column":48}}},"2":{"name":"(anonymous_2)","line":76,"loc":{"start":{"line":76,"column":15},"end":{"line":76,"column":31}}},"3":{"name":"(anonymous_3)","line":86,"loc":{"start":{"line":86,"column":19},"end":{"line":86,"column":31}}},"4":{"name":"(anonymous_4)","line":90,"loc":{"start":{"line":90,"column":17},"end":{"line":90,"column":29}}},"5":{"name":"(anonymous_5)","line":94,"loc":{"start":{"line":94,"column":20},"end":{"line":94,"column":32}}},"6":{"name":"(anonymous_6)","line":109,"loc":{"start":{"line":109,"column":11},"end":{"line":109,"column":23}}},"7":{"name":"(anonymous_7)","line":221,"loc":{"start":{"line":221,"column":13},"end":{"line":221,"column":28}}},"8":{"name":"(anonymous_8)","line":258,"loc":{"start":{"line":258,"column":11},"end":{"line":258,"column":26}}},"9":{"name":"(anonymous_9)","line":289,"loc":{"start":{"line":289,"column":12},"end":{"line":289,"column":28}}},"10":{"name":"(anonymous_10)","line":304,"loc":{"start":{"line":304,"column":20},"end":{"line":304,"column":51}}}},"statementMap":{"1":{"start":{"line":1,"column":0},"end":{"line":1,"column":61}},"2":{"start":{"line":14,"column":0},"end":{"line":67,"column":2}},"3":{"start":{"line":21,"column":2},"end":{"line":21,"column":23}},"4":{"start":{"line":29,"column":2},"end":{"line":29,"column":25}},"5":{"start":{"line":37,"column":2},"end":{"line":37,"column":29}},"6":{"start":{"line":39,"column":2},"end":{"line":39,"column":29}},"7":{"start":{"line":40,"column":2},"end":{"line":40,"column":31}},"8":{"start":{"line":41,"column":2},"end":{"line":41,"column":26}},"9":{"start":{"line":49,"column":2},"end":{"line":49,"column":31}},"10":{"start":{"line":51,"column":2},"end":{"line":51,"column":20}},"11":{"start":{"line":66,"column":2},"end":{"line":66,"column":94}},"12":{"start":{"line":69,"column":0},"end":{"line":327,"column":2}},"13":{"start":{"line":77,"column":4},"end":{"line":77,"column":40}},"14":{"start":{"line":87,"column":4},"end":{"line":87,"column":29}},"15":{"start":{"line":91,"column":4},"end":{"line":91,"column":34}},"16":{"start":{"line":95,"column":4},"end":{"line":95,"column":30}},"17":{"start":{"line":110,"column":4},"end":{"line":113,"column":19}},"18":{"start":{"line":115,"column":4},"end":{"line":117,"column":5}},"19":{"start":{"line":116,"column":6},"end":{"line":116,"column":47}},"20":{"start":{"line":120,"column":4},"end":{"line":142,"column":5}},"21":{"start":{"line":123,"column":6},"end":{"line":123,"column":14}},"22":{"start":{"line":124,"column":6},"end":{"line":124,"column":14}},"23":{"start":{"line":130,"column":6},"end":{"line":141,"column":7}},"24":{"start":{"line":131,"column":8},"end":{"line":131,"column":60}},"25":{"start":{"line":133,"column":8},"end":{"line":136,"column":9}},"26":{"start":{"line":134,"column":10},"end":{"line":134,"column":60}},"27":{"start":{"line":135,"column":10},"end":{"line":135,"column":32}},"28":{"start":{"line":138,"column":8},"end":{"line":138,"column":24}},"29":{"start":{"line":139,"column":8},"end":{"line":139,"column":16}},"30":{"start":{"line":140,"column":8},"end":{"line":140,"column":16}},"31":{"start":{"line":144,"column":4},"end":{"line":144,"column":25}},"32":{"start":{"line":145,"column":4},"end":{"line":145,"column":26}},"33":{"start":{"line":147,"column":4},"end":{"line":175,"column":5}},"34":{"start":{"line":148,"column":6},"end":{"line":148,"column":58}},"35":{"start":{"line":151,"column":6},"end":{"line":159,"column":7}},"36":{"start":{"line":152,"column":8},"end":{"line":155,"column":9}},"37":{"start":{"line":153,"column":10},"end":{"line":153,"column":30}},"38":{"start":{"line":154,"column":10},"end":{"line":154,"column":77}},"39":{"start":{"line":157,"column":8},"end":{"line":157,"column":14}},"40":{"start":{"line":158,"column":8},"end":{"line":158,"column":14}},"41":{"start":{"line":161,"column":6},"end":{"line":174,"column":7}},"42":{"start":{"line":162,"column":8},"end":{"line":162,"column":39}},"43":{"start":{"line":164,"column":8},"end":{"line":171,"column":9}},"44":{"start":{"line":169,"column":10},"end":{"line":169,"column":25}},"45":{"start":{"line":170,"column":10},"end":{"line":170,"column":19}},"46":{"start":{"line":173,"column":8},"end":{"line":173,"column":69}},"47":{"start":{"line":177,"column":4},"end":{"line":177,"column":28}},"48":{"start":{"line":179,"column":4},"end":{"line":191,"column":5}},"49":{"start":{"line":180,"column":6},"end":{"line":181,"column":35}},"50":{"start":{"line":183,"column":6},"end":{"line":190,"column":7}},"51":{"start":{"line":184,"column":8},"end":{"line":187,"column":68}},"52":{"start":{"line":189,"column":8},"end":{"line":189,"column":119}},"53":{"start":{"line":194,"column":4},"end":{"line":212,"column":5}},"54":{"start":{"line":196,"column":6},"end":{"line":199,"column":7}},"55":{"start":{"line":197,"column":8},"end":{"line":197,"column":29}},"56":{"start":{"line":198,"column":8},"end":{"line":198,"column":72}},"57":{"start":{"line":203,"column":6},"end":{"line":205,"column":7}},"58":{"start":{"line":204,"column":8},"end":{"line":204,"column":37}},"59":{"start":{"line":207,"column":6},"end":{"line":211,"column":7}},"60":{"start":{"line":208,"column":8},"end":{"line":208,"column":55}},"61":{"start":{"line":210,"column":8},"end":{"line":210,"column":31}},"62":{"start":{"line":230,"column":4},"end":{"line":230,"column":22}},"63":{"start":{"line":232,"column":4},"end":{"line":234,"column":5}},"64":{"start":{"line":233,"column":6},"end":{"line":233,"column":37}},"65":{"start":{"line":236,"column":4},"end":{"line":236,"column":44}},"66":{"start":{"line":238,"column":4},"end":{"line":238,"column":25}},"67":{"start":{"line":240,"column":4},"end":{"line":240,"column":33}},"68":{"start":{"line":242,"column":4},"end":{"line":244,"column":5}},"69":{"start":{"line":243,"column":6},"end":{"line":243,"column":51}},"70":{"start":{"line":246,"column":4},"end":{"line":246,"column":23}},"71":{"start":{"line":261,"column":4},"end":{"line":261,"column":30}},"72":{"start":{"line":263,"column":4},"end":{"line":263,"column":25}},"73":{"start":{"line":265,"column":4},"end":{"line":272,"column":5}},"74":{"start":{"line":266,"column":6},"end":{"line":266,"column":22}},"75":{"start":{"line":269,"column":6},"end":{"line":271,"column":7}},"76":{"start":{"line":270,"column":8},"end":{"line":270,"column":14}},"77":{"start":{"line":274,"column":4},"end":{"line":274,"column":16}},"78":{"start":{"line":291,"column":4},"end":{"line":294,"column":22}},"79":{"start":{"line":297,"column":4},"end":{"line":301,"column":5}},"80":{"start":{"line":298,"column":6},"end":{"line":298,"column":38}},"81":{"start":{"line":300,"column":6},"end":{"line":300,"column":38}},"82":{"start":{"line":305,"column":4},"end":{"line":307,"column":5}},"83":{"start":{"line":306,"column":6},"end":{"line":306,"column":32}},"84":{"start":{"line":309,"column":4},"end":{"line":311,"column":12}},"85":{"start":{"line":313,"column":4},"end":{"line":323,"column":5}},"86":{"start":{"line":314,"column":6},"end":{"line":314,"column":41}},"87":{"start":{"line":316,"column":6},"end":{"line":322,"column":7}},"88":{"start":{"line":317,"column":8},"end":{"line":317,"column":23}},"89":{"start":{"line":318,"column":13},"end":{"line":322,"column":7}},"90":{"start":{"line":319,"column":8},"end":{"line":319,"column":22}},"91":{"start":{"line":321,"column":8},"end":{"line":321,"column":36}},"92":{"start":{"line":325,"column":4},"end":{"line":325,"column":14}}},"branchMap":{"1":{"line":66,"type":"cond-expr","locations":[{"start":{"line":66,"column":25},"end":{"line":66,"column":88}},{"start":{"line":66,"column":91},"end":{"line":66,"column":93}}]},"2":{"line":77,"type":"binary-expr","locations":[{"start":{"line":77,"column":27},"end":{"line":77,"column":31}},{"start":{"line":77,"column":35},"end":{"line":77,"column":39}}]},"3":{"line":115,"type":"if","locations":[{"start":{"line":115,"column":4},"end":{"line":115,"column":4}},{"start":{"line":115,"column":4},"end":{"line":115,"column":4}}]},"4":{"line":120,"type":"if","locations":[{"start":{"line":120,"column":4},"end":{"line":120,"column":4}},{"start":{"line":120,"column":4},"end":{"line":120,"column":4}}]},"5":{"line":130,"type":"if","locations":[{"start":{"line":130,"column":6},"end":{"line":130,"column":6}},{"start":{"line":130,"column":6},"end":{"line":130,"column":6}}]},"6":{"line":133,"type":"if","locations":[{"start":{"line":133,"column":8},"end":{"line":133,"column":8}},{"start":{"line":133,"column":8},"end":{"line":133,"column":8}}]},"7":{"line":151,"type":"if","locations":[{"start":{"line":151,"column":6},"end":{"line":151,"column":6}},{"start":{"line":151,"column":6},"end":{"line":151,"column":6}}]},"8":{"line":152,"type":"if","locations":[{"start":{"line":152,"column":8},"end":{"line":152,"column":8}},{"start":{"line":152,"column":8},"end":{"line":152,"column":8}}]},"9":{"line":152,"type":"binary-expr","locations":[{"start":{"line":152,"column":14},"end":{"line":152,"column":22}},{"start":{"line":152,"column":27},"end":{"line":152,"column":35}},{"start":{"line":152,"column":39},"end":{"line":152,"column":47}}]},"10":{"line":154,"type":"cond-expr","locations":[{"start":{"line":154,"column":50},"end":{"line":154,"column":72}},{"start":{"line":154,"column":75},"end":{"line":154,"column":76}}]},"11":{"line":161,"type":"if","locations":[{"start":{"line":161,"column":6},"end":{"line":161,"column":6}},{"start":{"line":161,"column":6},"end":{"line":161,"column":6}}]},"12":{"line":164,"type":"if","locations":[{"start":{"line":164,"column":8},"end":{"line":164,"column":8}},{"start":{"line":164,"column":8},"end":{"line":164,"column":8}}]},"13":{"line":164,"type":"binary-expr","locations":[{"start":{"line":164,"column":12},"end":{"line":164,"column":33}},{"start":{"line":165,"column":13},"end":{"line":165,"column":31}},{"start":{"line":166,"column":14},"end":{"line":166,"column":27}},{"start":{"line":166,"column":31},"end":{"line":166,"column":45}},{"start":{"line":166,"column":50},"end":{"line":166,"column":63}},{"start":{"line":166,"column":67},"end":{"line":166,"column":80}},{"start":{"line":167,"column":13},"end":{"line":167,"column":21}}]},"14":{"line":173,"type":"cond-expr","locations":[{"start":{"line":173,"column":44},"end":{"line":173,"column":64}},{"start":{"line":173,"column":67},"end":{"line":173,"column":68}}]},"15":{"line":179,"type":"if","locations":[{"start":{"line":179,"column":4},"end":{"line":179,"column":4}},{"start":{"line":179,"column":4},"end":{"line":179,"column":4}}]},"16":{"line":187,"type":"cond-expr","locations":[{"start":{"line":187,"column":39},"end":{"line":187,"column":48}},{"start":{"line":187,"column":51},"end":{"line":187,"column":67}}]},"17":{"line":189,"type":"cond-expr","locations":[{"start":{"line":189,"column":72},"end":{"line":189,"column":110}},{"start":{"line":189,"column":113},"end":{"line":189,"column":118}}]},"18":{"line":194,"type":"if","locations":[{"start":{"line":194,"column":4},"end":{"line":194,"column":4}},{"start":{"line":194,"column":4},"end":{"line":194,"column":4}}]},"19":{"line":196,"type":"if","locations":[{"start":{"line":196,"column":6},"end":{"line":196,"column":6}},{"start":{"line":196,"column":6},"end":{"line":196,"column":6}}]},"20":{"line":198,"type":"cond-expr","locations":[{"start":{"line":198,"column":46},"end":{"line":198,"column":67}},{"start":{"line":198,"column":70},"end":{"line":198,"column":71}}]},"21":{"line":203,"type":"if","locations":[{"start":{"line":203,"column":6},"end":{"line":203,"column":6}},{"start":{"line":203,"column":6},"end":{"line":203,"column":6}}]},"22":{"line":203,"type":"binary-expr","locations":[{"start":{"line":203,"column":10},"end":{"line":203,"column":39}},{"start":{"line":203,"column":43},"end":{"line":203,"column":69}}]},"23":{"line":207,"type":"if","locations":[{"start":{"line":207,"column":6},"end":{"line":207,"column":6}},{"start":{"line":207,"column":6},"end":{"line":207,"column":6}}]},"24":{"line":207,"type":"binary-expr","locations":[{"start":{"line":207,"column":10},"end":{"line":207,"column":22}},{"start":{"line":207,"column":26},"end":{"line":207,"column":62}}]},"25":{"line":269,"type":"if","locations":[{"start":{"line":269,"column":6},"end":{"line":269,"column":6}},{"start":{"line":269,"column":6},"end":{"line":269,"column":6}}]},"26":{"line":297,"type":"if","locations":[{"start":{"line":297,"column":4},"end":{"line":297,"column":4}},{"start":{"line":297,"column":4},"end":{"line":297,"column":4}}]},"27":{"line":300,"type":"cond-expr","locations":[{"start":{"line":300,"column":31},"end":{"line":300,"column":33}},{"start":{"line":300,"column":36},"end":{"line":300,"column":37}}]},"28":{"line":305,"type":"if","locations":[{"start":{"line":305,"column":4},"end":{"line":305,"column":4}},{"start":{"line":305,"column":4},"end":{"line":305,"column":4}}]},"29":{"line":309,"type":"cond-expr","locations":[{"start":{"line":309,"column":28},"end":{"lin
[...]
cinthiamagno  @heloisakdl @Isa_O_Martinez I\\n\\nheloisakdl\"},{\"text\":\"RT @ChitownOnTap: Time to beef up your beer calendar. Add these festivals now, Chitown. http://t.co/MAnpVGL @chifestivale @wheatonalefes ...\"},{\"text\":\"RT @SkorpionEnt: @WizsDailydose Get your @KINGMagazine Wet issue July17 to see both @SkorpionEnt Models @missfaren ... http://tmi.me/cGFYA\"},{\"text\":\"TerryOneWeb.com CV Webmaster / Webdesigner / Intégrateur HTML:  http://bit.ly/n1Wviz\"},{\"text\":\"@sreddous http://t.co/0uY1vBB , with a preview to ensure that I'm not jerking your chain or am trying to do any harm.  Let's see if this -\"},{\"text\":\"jacuzia siberia: cerco accompagnatore guida per la siberia del nord dal 28 luglio al 26 agosto http://bit.ly/njHFw6\"},{\"text\":\"Top 20 Concert Tours from Pollstar \\n    (AP): AP - The Top 20 Concert Tours ranks artists by average box office... http://yhoo.it/nb3a40\"},{\"text\":\"Excited to Represent our sister company Suite Spa in the up and coming  ISPA Media Event in Gotham Hall in... http://fb.me/16fFlvq4V\"},{\"text\":\"tv and media furniture http://media-cabinetsshopideal.co.cc/tv_and_media_furniture.html #amazon #cheap #shopping #online #42\"},{\"text\":\"RT: RT: RT: RT: RT: RT: \\\"Wir gehen nächste Woche online, könnten Sie da vorher noch einen Blick wegen der Usabil... http://bit.ly/qjkRXs\"},{\"text\":\"This week's most notable performance on #SYTYCD is the girls' group jazz routine choreographed by Ray Leeper http://lnkd.in/fy2wky\"},{\"text\":\"Bloomfield Township board members could appoint a replacement July 25 for retiring supervisor Dave Payne. http://t.co/lea6oLs\"},{\"text\":\"http://twitpic.com/5mno1y\"},{\"text\":\"Ustream: RT @michaelbuble: Live Chat with Michael July 14th http://bit.ly/pJw7Vc\"},{\"text\":\"SemiLEDs Reports Third Quarter of Fiscal Year 2011 Financial Results: HSINCHU, Taiwan--(BUSINESS W... http://bit.ly/ow2EpR #energy #news\"},{\"text\":\"RT @417_Magazine: Wow! 8-weeks of Boot Camp, twice a week, for only $80. That's only $5 per session! http://ow.ly/5z58d\"},{\"text\":\"Photo:  http://tumblr.com/xak3dlt609\"},{\"text\":\"The most perfect!!!  RT @EricaClois: Photo: cloisers: http://tumblr.com/xnw3dl03xi\"},{\"text\":\"حمل من جميع مواقع الرفع Premium بدون مجهود http://www.promisr.com/showthread.php?t=9045&goto=newpost\"},{\"text\":\"@/dubq Rift_Supremacy .. arrgh it's sucking me in! I'm Rifting! http://bit.ly/mpU87o\"},{\"text\":\"Crianças participam de 'competições de vale-tudo' nos EUA http://t.co/L9YZ59U #G1\"},{\"text\":\"RT @saberdesexo: Jóvenes protestan teniendo sexo en misa dentro de catedral. http://t.co/GtZnDEo\"},{\"text\":\"Read my response to \\\"tá feliz hoje ?\\\": http://4ms.me/qLmvGY\"},{\"text\":\"RT @Jamin2g: Looked who fucked you again. #notw  http://twitpic.com/5mng32\"},{\"text\":\"sudah terbangunku, tuhan, dari hanyut mimpi itu. hanya saja, mohon pahami khilafku, jika hangat yang terasai dalam ... http://tmi.me/cGFYC\"},{\"text\":\"вишенка *.* http://twitpic.com/5mno1s\"},{\"text\":\"tamachan0519「熱中症って超ゆっくり言ってみて？」好きな子「それ知ってるよー。ちゅーしよーって言わせるんでしょ？　…あとでね。人いっぱいで恥ずかしいよ。」 http://t.co/Xp2hhqg  フラグｷﾀ━━━(°∀°)━━━!!\"},{\"text\":\"Photo: 27-06: http://tumblr.com/xaf3dlt605\"},{\"text\":\"dismantledbeyondrepair: At the moment, Down. All time? Well since I am one of those New Surrender fans you... http://tumblr.com/xbs3dlt619\"},{\"text\":\"New photo on fubar.com! http://fubar.com/~5Fwvv #fubar\"},{\"text\":\"RT @RNVcontigo: Medios comunitarios logran la plena libertad de expresión del pueblo: El ante proyecto de Ley de Medios Comunita... http ...\"},{\"text\":\"Sois de Marruecos? (@ToyFritoxd live on http://twitcam.com/5lb0f)\"},{\"text\":\"La foto :P http://t.co/tavzPud\"},{\"text\":\"MAYATEX SHOW SADDLE BLANKET PAD HORSE TACK PURPLE SOLID COLOR: Product DescriptionPURPLE MAYATEX SADDLE SHOW SAD... http://bit.ly/ndmDPr\"},{\"text\":\"RT @Tropo: [New Blog Post] Deploy a Virtual Call Center in 10 minutes with @Tropo, @PhonoSDK and @iriscouch. http://cot.ag/nuhTC0 #SIP # ...\"},{\"text\":\"RT @LaTerceraTV: Fernández quedaría fuera y \\\"Mago\\\" Valdivia se ilusiona http://t.co/LUXrHfP / El #Equipodelujo musicaliza con #Radiohead\"},{\"text\":\"http://t.co/KZHXYJn #OneTime :')\"},{\"text\":\"Q: If you could be reincarnated into anythin... A: An elephant. &lt;3: http://yearbook.com/ask/cristhy9018/1gu94g\"},{\"text\":\"Black & Colorful party by TahelSadot http://t.co/QKQNOVM via @Etsy #etsy #etsybot #handmade\"},{\"text\":\"RT @JesseBrasil: @JesseMcCartney how was your celebration on July 4? Tell us. Brazilians fans #JesseBrasil http://t.co/QGovbGM\"},{\"text\":\"http://bit.ly/qx88fx Panasonic Lcd Tv Comparison\"},{\"text\":\"#Dragonflies | RedGage http://t.co/FBbwO7k\"},{\"text\":\"@bullysteria http://t.co/eAfJpMX\"},{\"text\":\"Congress Whines, But Won't Defund Libya War - Wired News (blog): Washington TimesCongress Whines, But Won... http://bit.ly/rlr2QS #libya\"},{\"text\":\"Dedicace pour moi ^^ ? &lt;3 \\nPJ le pro xD\\n (@OmEgA_OFFICIEL live on http://twitcam.com/5lbt4)\"},{\"text\":\"if u r a guy and u hate Soccer, u r GAY.....RT @AhhFee: 4real ooo. Confused people RT @soniabladetweet: U gyz r (cont) http://tl.gd/bjigjj\"},{\"text\":\"Bueno, ¿quienes ya están en Google+? Ya pueden ingresar todos los que tengan cuenta en Google \\\"Gmail, Youtube, Reader, etc...\\\"\"},{\"text\":\"I've just #run 4.25M in 00:40:00 and logged it on http://www.fetcheveryone.com #fetcheveryone\"},{\"text\":\"Photo:  http://tumblr.com/xjg3dlt6ab\"},{\"text\":\"Read my response to \\\"How has your life changed this past year?\\\": http://4ms.me/nh05x2\"},{\"text\":\"Photo:  http://tumblr.com/xdu3dlt5qo\"},{\"text\":\"Like it on LUUUX http://bit.ly/gCZgd6\"},{\"text\":\"Ποιες χώρες κατέχουν πορτογαλικά ομόλογα http://bit.ly/pCCB0h\"},{\"text\":\"SUPERNATURAL Season 6 Is Coming To DVD & Blu-ray http://nblo.gs/k7FUL\"},{\"text\":\"The Back Seat http://twitpic.com/4uyxfb\"},{\"text\":\"gabrielcezar: http://tumblr.com/xgb3dlt6m9\"},{\"text\":\"@poesiaa_poema amor, porfavor me ajuda?! .. comenta aqi → http://t.co/CHOZnU7 .. basta colocar meu user do tt! muito obg ♥\"},{\"text\":\"I just commented: And again :Phttp://is.gd/xgOMvt in the Drop Dead App http://road.ie/drop-dead\"},{\"text\":\"Ha! RT @AndreaSpivey: I'm drinking at 3:50pm. And my daughter who is 15 just yelled at me and said \\\"mom its no… (cont) http://deck.ly/~RJkER\"},{\"text\":\"Ο Ζαν Κλοντ Τρισέ επικρίνει την Moody's για την Πορτογαλία http://bit.ly/nTODGa\"},{\"text\":\"cara install joomla di local server-bahasa indonesia: spinelink:    - + var toggle_b = document.getElementById('... http://bit.ly/oLmGV5\"},{\"text\":\"Photo:  http://tumblr.com/x343dlt6fy\"},{\"text\":\"Cleaner air, costlier electricity under EPA rule http://goo.gl/hOuil\"},{\"text\":\"#Cudillero. Salida de la vuelta Asturias de vela etapa a #aviles. Patrocina #BMW #Triocar hoy ha ganado el marara.  http://t.co/INJc9tU\"},{\"text\":\"http://t.co/uOILEgI\"},{\"text\":\"Photo: › Eu e a minha mania, de achar que os outros fariam por mim, aquilo que eu faria por eles. http://tumblr.com/x9v3dlt69v\"},{\"text\":\"Free D.I.Y. Solar Power Presentation http://t.co/Aza9HTQ\"},{\"text\":\"De @BarcelonaRealYA  Existe una nueva herramienta para parar desalojos :-) RT plis. http://t.co/6aRbodu @LA_PAH @democraciareal #15m #DRY\"},{\"text\":\"#ProgramaçãoShow    Quinta-feira bombada é no @TeatroRiachuelo com #NXZERO - http://t.co/jDIiv8y #SouMaisTeatroRiachuelo\"},{\"text\":\"5.6 quake rattles Japan near Fukushima site - Yahoo! News http://t.co/OfBS2Qz via @YahooNews\"},{\"text\":\"Μέχρι το τέλος του χρόνου ο ΧΥΤΑ στην Ξερόλακκα http://bit.ly/o8WKBF\"},{\"text\":\"Elena T: thanks!! :) http://bit.ly/oFry7z\"},{\"text\":\"RT @msnbc_wow: Intoxicated men take dead alligator off-roading http://on.msnbc.com/qWqrOY\"},{\"text\":\"#LISTEN @YungGeeLUT feat. @Stampboy3 - Stand Up - http://twitrax.com/s/z6m55y\"},{\"text\":\"RT @fieldproducer: Strong stuff RT @suttonnick: Tomorrow's Independent front page - \\\"Newspaper 'sacrificed to save one woman'\\\" http://tw ...\"},{\"text\":\"I liked a @YouTube video http://youtu.be/szd1qi3ymQs?a Don Trip \\\"Letter To My Son\\\" Motion Picture directed by Joe \\\"Yun\"},{\"text\":\"@jess2165 @larissa_esteves Linkin Park canta Adele http://bit.ly/ocrZoB\"},{\"text\":\"Photo:  http://tumblr.com/x9t3dlt6m7\"},{\"text\":\"鼓膜から犯され、淫猥に愛液を垂れ流し、発せられる言葉とは裏腹に絶頂を何度も何度も繰り返す…　http://adop.jp/Drm8?m　#followmejp #porn 18禁　AV　エロ　動画　女優　素人\"},{\"text\":\"O @albanos, a @JovemPanBH e o @eusoubh vão liberar 500l de chope em comemoração aos 15 anos do Albanos. http://t.co/M8TghI0 #soubh\"},{\"text\":\"@_luccas94 Olá,quer ganhar Galaxy tab sem pagar nada ? acesse, cadastre-se e participe http://bit.ly/l97AGE\"},{\"text\":\"acabei de attz : http://t.co/xDcLPBl\"},{\"text\":\"I posted 2 photos on Facebook in the album \\\"Traffic & Weather Together\\\" http://fb.me/ZPREawpL\"},{\"text\":\"I  you cannot defeat this. http://bit.ly/nldsyU  #donttalktomeif Ian Wright #onetimeanniversary Murdoch #notw Argentina Colombia #leakyboat\"},{\"text\":\"Nuevo spray podría deshacerse de los calcetines con mal olor para siempre http://bit.ly/rlIddH\"},{\"text\":\"Like it on LUUUX http://bit.ly/dcRIjx\"},{\"text\":\"Lmao he told me that shit too, smh and he dont think he is the hulk tho #TheLies RT @Cpt_Dynamo @cwright0564 http://tl.gd/bjigjh\"},{\"text\":\"Photo:  http://tumblr.com/xxk3dlt6lc\"},{\"text\":\"RT @FlyBoyE_Music: @frannyfran_fran: I saw you in foresthill walk out favourite chicken eating a burger with tomato ... http://tmi.me/cGFYJ\"},{\"text\":\"Marina Silva foi sondada para se filiar a Avon e a Jequiti, mas assessoria nega qualquer contato das concorrentes http://bit.ly/nSPfhY\"},{\"text\":\"Mi Dash es prácticamente Hogwarts. http://tumblr.com/xe63dlt6x3\"},{\"text\":\"Pd dimanah?RT @mutiapermata: with cantik2ku @shilviaayu @Kadenacini ♡ http://lockerz.com/s/117950393\"},{\"text\":\"ディクセル ブレーキローター SD カローラ CE90 89/5～92/5 フロント用左右1セット: ■プラス20％の制動力がもたらす安全性！ ■スリット本数は鳴き、摩耗、ガスの除去効果など様々な事案を考慮し6本に決定。■... http://amzn.to/jx3zXs\"},{\"text\":\"なんだかんだ翔くんが好きなんです　 http://bit.ly/lx3hKv　7/16\"},{\"text\":\"AAAAAAAAAAAAAAAAE *-* KKKKKK A prima pega mal né kkkk (@toty_f83 live on http://twitcam.com/5lblk)\"},{\"text\":\"US HOT STOCKS: Target, JC Penney, Affymetrix, Pfizer: DreamWorks Animation SKG Inc.'s (DWA, $21.19, +$1.07, +5.32%)... http://adf.ly/220zY\"},{\"text\":\"RT @barcastuff: Picture: Barça shirt in tv series 'Sons of Anarchy' http://twitgoo.com/2ij9zd #fcblive [via @8vivamegan6]\"},{\"text\":\"Study: CFOs call the shots in enterprise IT: \\\"CFO influence over enterprise IT is on the up as CIOs lack the aut... http://bit.ly/p06Szm\"},{\"text\":\"This trench is beyong AMAZING! Come see it @dosemarket Opening Ceremony NWT $1965 Embellished Trench Coat SZ S http://t.co/3ybfNxA\"},{\"text\":\"Δημιουργείται η πρώτη παγκόσμια χρηματιστηριακή πλατφόρμα http://bit.ly/p3znYP\"},{\"text\":\"I liked a @YouTube video http://youtu.be/IRFtjvTxtKU?a Apocaliptica - Faraway (subtitulado tradu\"},{\"text\":\"全日本スノーボード教程:  http://amzn.to/kC2869\"},{\"text\":\"gli tappi la bocca? -.- non la sopporto già più.! DDDDD: (@BeliberJust live on http://twitcam.com/5la8w)\"},{\"text\":\"You need an emotionally neutral setting so you can tell those ... More for Aries http://twittascope.com/?sign=1\"},{\"text\":\"Hanging with the boys http://yfrog.com/kl861wj\"},{\"text\":\"amo essa música *---* http://t.co/qXBwYhX\"},{\"text\":\"igual el artículo que me quedó lindo... al menos me emocioné buscando fotos... mil quedaron fuera http://bit.ly/qo8l9Q #algúndía\"},{\"text\":\"Photo:  http://tumblr.com/xzb3dlt715\"},{\"text\":\"Model Scouts Eager to Sink Their Talons Into Kate Moss’s Little Sister: Since she was one of fifteen bridesmaids... http://bit.ly/oiGno1\"},{\"text\":\"マテリア・ハンターユフィちゃんの大冒険 Neo Universe http://www.dmm.co.jp/digital/doujin/-/detail/=/cid=d_037257/mucchin-007\"},{\"text\":\"RT @jeanvidal: Anyone got a #Google+ invite to spare?\"},{\"text\":\"http://twitpic.com/5mno2k\"},{\"text\":\"Acabo de completar \\\"tom te pegaria?\\\" e meu resultado foi: teria poucas xanses! Experimente: http://rdae.eu/hqu2ki\"},{\"text\":\"http://bit.ly/rpk7do The current military terminology of \\\"cyber war\\\" makes about as much sense as wearing camo fatigues in the datacenter\"},{\"text\":\"RT @blondedrummer: The latest six photo books: http://t.co/6sZqott\"},{\"text\":\"RT @signsofelegance: The perfect #crocheted #coasters for your Xmas decor! http://ow.ly/5vbOB by @craftsbykeri #Less10 #myhandmadetweet\"},{\"text\":\"RT @NatGeo: Join Peru in celebrating 100 years of Machu Picchu http://on.natgeo.com/rhfqeL #mp100\"},{\"text\":\"I just bought Bed on Stardoll. Check out my Suite! http://www.stardoll.com/in/?pid=25720&gid=1&turl=%2Fuser%2F%3Fid%3D97936243\"},{\"text\":\"«Κάθαρση στο ποδόσφαιρο ή αποκλεισμός από την Ευρώπη» http://bit.ly/rbAfyF\"},{\"text\":\"Photo: le due sorelle by Adriano Peiretti on Flickr. http://tumblr.com/xhk3dlt71c\"},{\"text\":\"Ο Ζαν Κλοντ Τρισέ επικρίνει την Moody's για την Πορτογαλία http://bit.ly/nTODGa\"},{\"text\":\"Come Dine With Me SA! http://t.co/Rdumm9U @_AmyJohnson\"},{\"text\":\"your best source of news about @minkakelly http://meadd.com/minkadumontkelly/40117014\"},{\"text\":\"Οι διάσημες κυρίες και τα τατουάζ τους http://bit.ly/qkilDe\"},{\"text\":\"Αδυναμία της κυβέρνησης να εισπράξει 300 εκ.ευρώ από πρόστιμα για σκάφη αναψυχής http://bit.ly/nY2EbA\"},{\"text\":\"@rawrieborealisI found this pretty helpful tough: http://is.gd/spBbxv\"},{\"text\":\"Finally at home after long day at work . To be greeted by my cocker spaniel Lilley with lipstick all over her http://tl.gd/bjigjl\"},{\"text\":\"ヒルズ 猫 i/d ドライ 2Kg 4個入 1箱 （アイ／ディー）: 【製品特長】高消化性／ビタミンB群、カリウム増量／混合繊維強化【代謝エネルギー】390kcal/100g http://amzn.to/jYZVEO\"},{\"text\":\"RT @FHERTIGOOD // aqui la señal On-Line de @ENPORTADA  http://t.co/4PCzJF8 @danielexhuevo @CanalStream_ @TWITCARTV\"},{\"text\":\"盲目のジエロニモとその兄・外五篇 (昭和初期世界名作翻訳全集):  http://amzn.to/lO1nsi\"},{\"text\":\"Como assim?!! RT @queridocachorro Cachecóis vendidos nas Lojas Marisa não eram de poliéster e sim de pelo de coelho http://t.co/MUIM6ku\"},{\"text\":\"މޭޔަރުކަމުން ސަރަނގު އާދަމް މަނިކު އިސްތިއުފާ ދެއްވައިފި: މާލޭގެ މޭޔަރުކަމުން އިސްތިއުފާދެއްވިކަން މިރޭ ކަށަވަރު... http://bit.ly/rqc17s\"},{\"text\":\"«Οι αλλαγές στην Παιδεία πρέπει να είναι προϊόν συζήτησης» http://bit.ly/oDIpO4\"},{\"text\":\"***MIXTAPE*** Download the 'Independence Day' mixtape from @dctheprez hosted by @DJELPLAGA ---&gt; http://bit.ly/kDfBvX RT!\"},{\"text\":\"Thanks, everyone, for submitting your requests. We shared 11 coupons for $50 in Facebook advertising. More soon!\"},{\"text\":\"RT @sou1limd: 1 desespero :: http://t.co/FkssU7X\"},{\"text\":\"Like it on LUUUX http://bit.ly/pqJJ6p\"},{\"text\":\"RT @BigBrotherDish: iPeople- If u + the mobile option ( http://bit.ly/FeedsDeal ) u will be able to access feeds hub on ur iPhone/iPad a ...\"},{\"text\":\"Ζεστό μπανάκι… για να μη νιώθετε μόνοι http://bit.ly/qctKaj\"},{\"text\":\"Photo: The King! http://tumblr.com/xpq3dlt757\"},{\"text\":\"Δημοσιοποιήθηκε το επικαιροποιημένο μνημόνιο από το Υπουργείο Οικονομικών http://bit.ly/oGM9oo\"},{\"text\":\"うさぎめそっど トレーナー (オリーブ) L: ウサギと音楽をモチーフにしたデザイン…／【返品・交換・キャンセルについて】ClubTでは在庫を持たない受注生産を行っております。ご注文後すぐに工場で生産開始いたしますので、原... http://amzn.to/mgg53f\"},{\"text\":\"Photo:  http://tumblr.com/xwf3dlt7hz\"},{\"text\":\"sassy shoe from internship http://twitpic.com/5mno30\"},{\"text\":\"@HappyBeliieber twitter y facebook y msn \\npasame tu msn :D\"},{\"text\":\"Fine felice! El final feliz de una dura jornada. Ahora a por Tenerife! http://fb.me/16zGeTN4C\"},{\"text\":\"Photo:  http://tumblr.com/xho3dlt7gm\"},{\"text\":\"이것도 시간없는 고딩에겐 된장질+허세ㅋㅋ http://twitpic.com/5a19fq\"},{\"text\":\"【サンダー THUNDER スケボー トラック】145 LO Light Cole SERPENT WHT RED NO52: 【サンダー THUNDER スケボー トラック】145 LO Light Cole SERPE... http://amzn.to/kzQyim\"},{\"text\":\"A. to Z. Mini Great Britain Road Atlas (Road atlases):  http://amzn.to/mHnhCd\"},{\"text\":\"Sharing My Beliefs: Discovering Real_life Witnesses (Faith Rules!):  http://amzn.to/j3qr98\"},{\"text\":\"#video #music #hiphop RayDawn (@raydawnthe86th): Pardon My Flipped Bird from the free album #ControlledChaos2 http://bit.ly/mt7drm\"},{\"text\":\"Photo:  http://tumblr.com/xkc3dlt7h3\"},{\"text\":\"Your key planet Jupiter is naturally optimistic and today's tr... More for Sagittarius http://twittascope.com/?sign=9\"},{\"text\":\"@iAmColorido vai participar? http://t.co/JqjuHQL\"},{\"text\":\"Quinta temporada de El Hormiguero http://t.co/2Q0spbx\"},{\"text\":\"Kier here.  We've got t-storms popping up on SkyWACH Doppler Radar.  Looks like we'll see more tonight.  http://t.co/V88R80k\"},{\"text\":\"неужели всего один остался? откуда такая инфа??? http://j.mp/oRLk1G\"},{\"text\":\"ショッピング大好き！　　http://hp41.0zero.jp/697/19761111/\"},{\"text\":\"RT @simplereviews: Bedtime has become so much easier since we got our @ZAZOOKIDS photo clock. #Win your own with @simplereviews! http:// ...\"},{\"text\":\"Mijn pa nog even helpen met zijn Facebook.\"},{\"text\":\"The Faber Book of Letters: Letters Written in the English Language 1578-1939:  http://amzn.to/mhBOMS\"},{\"text\":\"@TinaFFOE @BigSean  @mally9000 @tharazorman FREE @Tip FREE @lilboosie  http://t.co/vA6KMtA\"},{\"text\":\"Circle: The Moon:  http://amzn.to/maQEkU\"},{\"text\":\"bibi!!!!!! (@Giiograssi live on http://twitcam.com/5lbo6)\"},{\"text\":\"Photo:  http://tumblr.com/xms3dlt7kd\"},{\"text\":\"iPod Touch第4世代用スキンシール【City Nights】: アメリカ発の超COOL＆CUTEなスキンシールで、お持ちのiPod Touchを着せ替えしてみませんか？スキンシールは何度でも貼り直しが可能。本体の保... http://amzn.to/juIcVI\"},{\"text\":\"Structured Products: A Complete Toolkit to Face Changing Financial Markets (The Wiley Finance Series):  http://amzn.to/lAMe9k\"},{\"text\":\"Pillars of Faith: New Testament Witnesses [VHS] [Import]:  http://amzn.to/mbrZF7\"},{\"text\":\"@Rheapowerr ja hy is ook super leuk , MAAAR KYK DAN ZO'N CHICKIE ;  http://t.co/zKutJ4H\"},{\"text\":\"Atravesse na faixa e morra com razão. http://t.co/wIeCoU8\"},{\"text\":\"キャスケットとHATの良さをMIXしたデザイン ふちどりチェッククロッシェHAT【秋冬商品】 茶:  http://amzn.to/j4xINe\"},{\"text\":\"› Seu Madruga, sua vó é o Gabriel Cezar? http://tumblr.com/xlx3dlt7az\"},{\"text\":\"Online Petition for 'Caylee's Law' Goes Viral http://t.co/3tzh9mY via @TIMEHealthland #cayleeanthony #justice\"},{\"text\":\"މާލޭ ސިޓީގެ މޭޔަރ އިސްތިއުފާ ދެއްވައިފި: - ރައީސުލްޖުމްހޫރިއްޔާ ސްޕެޝަލް އެންވޯއި އޮފް ދަ ޕްރެޒިޑެންޓް އޮން އިން... http://bit.ly/nwCoNq\"},{\"text\":\"そこはゼロホール？俺の友達もそこで練習してるよ！(笑) RT @Big_Pon: ダンスって。。。かっこいい。。。 http://instagr.am/p/HKPnT/\"},{\"text\":\"印鑑セット 2本 本ワニ(腹側)付 SS オノオレカンバ 13.5mm12mm 上彫職人彫り: この印鑑は斧が折れるほど堅いという事(斧折樺)から木目が細かく耐久性は抜群の無垢材、オノオレカンバの実印13.5mm・銀行印1... http://amzn.to/mh58ZY\"},{\"text\":\"RT @Solomonthewise1: Click on the link and vote for X.O., it takes two secs peeps!\\n\\nhttp://t.co/J2Bn2Tz\"},{\"text\":\"http://www.naked-lindsey.com/?uid=985503 ( #bungie live at http://ustre.am/AARI)\"},{\"text\":\"הגז שייך לכולנו http://bit.ly/ilGas RT @davidohayon2011@YaelBeeri @jonathanross גז מזגנים מזמן נמכר במחירים של סם\"},{\"text\":\"Senior Software Developer job in Atlanta, GA at CCCi http://bit.ly/qryo8V #flash #developer\"},{\"text\":\"Photo: 25february: http://tumblr.com/xjh3dlt7jn\"},{\"text\":\"Ζεστό μπανάκι… για να μη νιώθετε μόνοι http://bit.ly/qctKaj\"},{\"text\":\"I'm at Winterkost/ Zomerijs (Nieuwendijk 6, Amsterdam) http://4sq.com/nyFsSO\"},{\"text\":\"Photo: effyeahibelieb: http://tumblr.com/x9m3dlt78o\"},{\"text\":\"#LISTEN KING NITTY & STELLO  O -  \\\"STREETS ARE HUNGRY\\\" - http://twitrax.com/s/tllwsw\"},{\"text\":\"Photo:  http://tumblr.com/xnx3dlt7g7\"},{\"text\":\"Picking up (@ Jcc) http://4sq.com/nt3CGq\"},{\"text\":\"Photo: › eu quero você. http://tumblr.com/xcd3dlt7c6\"},{\"text\":\"Γ. Βαρδινογιάννης: Κάποιοι θέλουν ακυβέρνητο τον Παναθηναϊκό http://bit.ly/oBDchn\"},{\"text\":\"#RT YUNG JAYBO - JUUG - http://twitrax.com/s/1k41lk\"}]",""],"l":{"1":1}}}